{"/Users/natkoersch/collabboard/client/src/board/ObjectStore.ts": {"path":"/Users/natkoersch/collabboard/client/src/board/ObjectStore.ts","all":false,"statementMap":{"0":{"start":{"line":1,"column":0},"end":{"line":1,"column":32}},"1":{"start":{"line":2,"column":0},"end":{"line":2,"column":25}},"3":{"start":{"line":4,"column":0},"end":{"line":4,"column":8}},"14":{"start":{"line":15,"column":0},"end":{"line":15,"column":26}},"15":{"start":{"line":16,"column":0},"end":{"line":16,"column":20}},"16":{"start":{"line":17,"column":0},"end":{"line":17,"column":18}},"17":{"start":{"line":18,"column":0},"end":{"line":18,"column":19}},"18":{"start":{"line":19,"column":0},"end":{"line":19,"column":18}},"19":{"start":{"line":20,"column":0},"end":{"line":20,"column":20}},"20":{"start":{"line":21,"column":0},"end":{"line":21,"column":20}},"21":{"start":{"line":22,"column":0},"end":{"line":22,"column":17}},"22":{"start":{"line":23,"column":0},"end":{"line":23,"column":18}},"23":{"start":{"line":24,"column":0},"end":{"line":24,"column":18}},"24":{"start":{"line":25,"column":0},"end":{"line":25,"column":19}},"25":{"start":{"line":26,"column":0},"end":{"line":26,"column":2}},"27":{"start":{"line":28,"column":0},"end":{"line":28,"column":25}},"29":{"start":{"line":30,"column":0},"end":{"line":30,"column":26}},"30":{"start":{"line":31,"column":0},"end":{"line":31,"column":13}},"31":{"start":{"line":32,"column":0},"end":{"line":32,"column":36}},"32":{"start":{"line":33,"column":0},"end":{"line":33,"column":26}},"34":{"start":{"line":35,"column":0},"end":{"line":35,"column":27}},"35":{"start":{"line":36,"column":0},"end":{"line":36,"column":19}},"36":{"start":{"line":37,"column":0},"end":{"line":37,"column":69}},"37":{"start":{"line":38,"column":0},"end":{"line":38,"column":60}},"38":{"start":{"line":39,"column":0},"end":{"line":39,"column":3}},"40":{"start":{"line":41,"column":0},"end":{"line":41,"column":137}},"41":{"start":{"line":42,"column":0},"end":{"line":42,"column":26}},"42":{"start":{"line":43,"column":0},"end":{"line":43,"column":79}},"44":{"start":{"line":45,"column":0},"end":{"line":45,"column":29}},"45":{"start":{"line":46,"column":0},"end":{"line":46,"column":27}},"46":{"start":{"line":47,"column":0},"end":{"line":47,"column":29}},"47":{"start":{"line":48,"column":0},"end":{"line":48,"column":45}},"48":{"start":{"line":49,"column":0},"end":{"line":49,"column":7}},"50":{"start":{"line":51,"column":0},"end":{"line":51,"column":15}},"51":{"start":{"line":52,"column":0},"end":{"line":52,"column":3}},"53":{"start":{"line":54,"column":0},"end":{"line":54,"column":71}},"54":{"start":{"line":55,"column":0},"end":{"line":55,"column":35}},"55":{"start":{"line":56,"column":0},"end":{"line":56,"column":21}},"57":{"start":{"line":58,"column":0},"end":{"line":58,"column":29}},"58":{"start":{"line":59,"column":0},"end":{"line":59,"column":55}},"59":{"start":{"line":60,"column":0},"end":{"line":60,"column":57}},"60":{"start":{"line":61,"column":0},"end":{"line":61,"column":65}},"61":{"start":{"line":62,"column":0},"end":{"line":62,"column":67}},"62":{"start":{"line":63,"column":0},"end":{"line":63,"column":28}},"63":{"start":{"line":64,"column":0},"end":{"line":64,"column":45}},"64":{"start":{"line":65,"column":0},"end":{"line":65,"column":7}},"65":{"start":{"line":66,"column":0},"end":{"line":66,"column":3}},"67":{"start":{"line":68,"column":0},"end":{"line":68,"column":54}},"68":{"start":{"line":69,"column":0},"end":{"line":69,"column":35}},"69":{"start":{"line":70,"column":0},"end":{"line":70,"column":21}},"70":{"start":{"line":71,"column":0},"end":{"line":71,"column":25}},"71":{"start":{"line":72,"column":0},"end":{"line":72,"column":25}},"72":{"start":{"line":73,"column":0},"end":{"line":73,"column":35}},"73":{"start":{"line":74,"column":0},"end":{"line":74,"column":3}},"75":{"start":{"line":76,"column":0},"end":{"line":76,"column":60}},"76":{"start":{"line":77,"column":0},"end":{"line":77,"column":54}},"78":{"start":{"line":79,"column":0},"end":{"line":79,"column":33}},"79":{"start":{"line":80,"column":0},"end":{"line":80,"column":27}},"80":{"start":{"line":81,"column":0},"end":{"line":81,"column":37}},"81":{"start":{"line":82,"column":0},"end":{"line":82,"column":34}},"82":{"start":{"line":83,"column":0},"end":{"line":83,"column":62}},"83":{"start":{"line":84,"column":0},"end":{"line":84,"column":58}},"84":{"start":{"line":85,"column":0},"end":{"line":85,"column":9}},"85":{"start":{"line":86,"column":0},"end":{"line":86,"column":7}},"86":{"start":{"line":87,"column":0},"end":{"line":87,"column":5}},"88":{"start":{"line":89,"column":0},"end":{"line":89,"column":29}},"89":{"start":{"line":90,"column":0},"end":{"line":90,"column":33}},"90":{"start":{"line":91,"column":0},"end":{"line":91,"column":39}},"91":{"start":{"line":92,"column":0},"end":{"line":92,"column":27}},"92":{"start":{"line":93,"column":0},"end":{"line":93,"column":81}},"93":{"start":{"line":94,"column":0},"end":{"line":94,"column":7}},"95":{"start":{"line":96,"column":0},"end":{"line":96,"column":33}},"96":{"start":{"line":97,"column":0},"end":{"line":97,"column":47}},"97":{"start":{"line":98,"column":0},"end":{"line":98,"column":7}},"98":{"start":{"line":99,"column":0},"end":{"line":99,"column":7}},"99":{"start":{"line":100,"column":0},"end":{"line":100,"column":3}},"101":{"start":{"line":102,"column":0},"end":{"line":102,"column":87}},"102":{"start":{"line":103,"column":0},"end":{"line":103,"column":35}},"103":{"start":{"line":104,"column":0},"end":{"line":104,"column":49}},"105":{"start":{"line":106,"column":0},"end":{"line":106,"column":18}},"106":{"start":{"line":107,"column":0},"end":{"line":107,"column":13}},"107":{"start":{"line":108,"column":0},"end":{"line":108,"column":8}},"108":{"start":{"line":109,"column":0},"end":{"line":109,"column":8}},"109":{"start":{"line":110,"column":0},"end":{"line":110,"column":44}},"110":{"start":{"line":111,"column":0},"end":{"line":111,"column":46}},"111":{"start":{"line":112,"column":0},"end":{"line":112,"column":21}},"113":{"start":{"line":114,"column":0},"end":{"line":114,"column":29}},"114":{"start":{"line":115,"column":0},"end":{"line":115,"column":28}},"115":{"start":{"line":116,"column":0},"end":{"line":116,"column":45}},"116":{"start":{"line":117,"column":0},"end":{"line":117,"column":7}},"117":{"start":{"line":118,"column":0},"end":{"line":118,"column":3}},"119":{"start":{"line":120,"column":0},"end":{"line":120,"column":86}},"120":{"start":{"line":121,"column":0},"end":{"line":121,"column":48}},"122":{"start":{"line":123,"column":0},"end":{"line":123,"column":93}},"123":{"start":{"line":124,"column":0},"end":{"line":124,"column":32}},"125":{"start":{"line":126,"column":0},"end":{"line":126,"column":43}},"126":{"start":{"line":127,"column":0},"end":{"line":127,"column":57}},"127":{"start":{"line":128,"column":0},"end":{"line":128,"column":26}},"128":{"start":{"line":129,"column":0},"end":{"line":129,"column":26}},"129":{"start":{"line":130,"column":0},"end":{"line":130,"column":27}},"130":{"start":{"line":131,"column":0},"end":{"line":131,"column":27}},"131":{"start":{"line":132,"column":0},"end":{"line":132,"column":30}},"132":{"start":{"line":133,"column":0},"end":{"line":133,"column":35}},"133":{"start":{"line":134,"column":0},"end":{"line":134,"column":35}},"134":{"start":{"line":135,"column":0},"end":{"line":135,"column":45}},"135":{"start":{"line":136,"column":0},"end":{"line":136,"column":46}},"136":{"start":{"line":137,"column":0},"end":{"line":137,"column":7}},"137":{"start":{"line":138,"column":0},"end":{"line":138,"column":60}},"138":{"start":{"line":139,"column":0},"end":{"line":139,"column":9}},"140":{"start":{"line":141,"column":0},"end":{"line":141,"column":29}},"141":{"start":{"line":142,"column":0},"end":{"line":142,"column":34}},"142":{"start":{"line":143,"column":0},"end":{"line":143,"column":47}},"144":{"start":{"line":145,"column":0},"end":{"line":145,"column":39}},"145":{"start":{"line":146,"column":0},"end":{"line":146,"column":95}},"146":{"start":{"line":147,"column":0},"end":{"line":147,"column":22}},"147":{"start":{"line":148,"column":0},"end":{"line":148,"column":17}},"148":{"start":{"line":149,"column":0},"end":{"line":149,"column":42}},"149":{"start":{"line":150,"column":0},"end":{"line":150,"column":43}},"150":{"start":{"line":151,"column":0},"end":{"line":151,"column":69}},"151":{"start":{"line":152,"column":0},"end":{"line":152,"column":25}},"152":{"start":{"line":153,"column":0},"end":{"line":153,"column":30}},"153":{"start":{"line":154,"column":0},"end":{"line":154,"column":7}},"155":{"start":{"line":156,"column":0},"end":{"line":156,"column":34}},"156":{"start":{"line":157,"column":0},"end":{"line":157,"column":51}},"157":{"start":{"line":158,"column":0},"end":{"line":158,"column":7}},"158":{"start":{"line":159,"column":0},"end":{"line":159,"column":7}},"159":{"start":{"line":160,"column":0},"end":{"line":160,"column":3}},"161":{"start":{"line":162,"column":0},"end":{"line":162,"column":47}},"162":{"start":{"line":163,"column":0},"end":{"line":163,"column":35}},"163":{"start":{"line":164,"column":0},"end":{"line":164,"column":21}},"165":{"start":{"line":166,"column":0},"end":{"line":166,"column":29}},"166":{"start":{"line":167,"column":0},"end":{"line":167,"column":32}},"167":{"start":{"line":168,"column":0},"end":{"line":168,"column":67}},"168":{"start":{"line":169,"column":0},"end":{"line":169,"column":14}},"169":{"start":{"line":170,"column":0},"end":{"line":170,"column":64}},"170":{"start":{"line":171,"column":0},"end":{"line":171,"column":7}},"171":{"start":{"line":172,"column":0},"end":{"line":172,"column":7}},"172":{"start":{"line":173,"column":0},"end":{"line":173,"column":3}},"174":{"start":{"line":175,"column":0},"end":{"line":175,"column":69}},"175":{"start":{"line":176,"column":0},"end":{"line":176,"column":35}},"176":{"start":{"line":177,"column":0},"end":{"line":177,"column":44}},"178":{"start":{"line":179,"column":0},"end":{"line":179,"column":58}},"179":{"start":{"line":180,"column":0},"end":{"line":180,"column":29}},"180":{"start":{"line":181,"column":0},"end":{"line":181,"column":56}},"181":{"start":{"line":182,"column":0},"end":{"line":182,"column":7}},"182":{"start":{"line":183,"column":0},"end":{"line":183,"column":3}},"184":{"start":{"line":185,"column":0},"end":{"line":185,"column":48}},"185":{"start":{"line":186,"column":0},"end":{"line":186,"column":35}},"186":{"start":{"line":187,"column":0},"end":{"line":187,"column":21}},"187":{"start":{"line":188,"column":0},"end":{"line":188,"column":29}},"188":{"start":{"line":189,"column":0},"end":{"line":189,"column":56}},"189":{"start":{"line":190,"column":0},"end":{"line":190,"column":7}},"190":{"start":{"line":191,"column":0},"end":{"line":191,"column":3}},"192":{"start":{"line":193,"column":0},"end":{"line":193,"column":94}},"193":{"start":{"line":194,"column":0},"end":{"line":194,"column":35}},"194":{"start":{"line":195,"column":0},"end":{"line":195,"column":49}},"196":{"start":{"line":197,"column":0},"end":{"line":197,"column":55}},"198":{"start":{"line":199,"column":0},"end":{"line":199,"column":33}},"200":{"start":{"line":201,"column":0},"end":{"line":201,"column":32}},"201":{"start":{"line":202,"column":0},"end":{"line":202,"column":48}},"202":{"start":{"line":203,"column":0},"end":{"line":203,"column":54}},"203":{"start":{"line":204,"column":0},"end":{"line":204,"column":39}},"204":{"start":{"line":205,"column":0},"end":{"line":205,"column":36}},"205":{"start":{"line":206,"column":0},"end":{"line":206,"column":36}},"206":{"start":{"line":207,"column":0},"end":{"line":207,"column":38}},"207":{"start":{"line":208,"column":0},"end":{"line":208,"column":77}},"208":{"start":{"line":209,"column":0},"end":{"line":209,"column":5}},"210":{"start":{"line":211,"column":0},"end":{"line":211,"column":29}},"211":{"start":{"line":212,"column":0},"end":{"line":212,"column":43}},"212":{"start":{"line":213,"column":0},"end":{"line":213,"column":7}},"213":{"start":{"line":214,"column":0},"end":{"line":214,"column":3}},"215":{"start":{"line":216,"column":0},"end":{"line":216,"column":53}},"216":{"start":{"line":217,"column":0},"end":{"line":217,"column":55}},"217":{"start":{"line":218,"column":0},"end":{"line":218,"column":26}},"218":{"start":{"line":219,"column":0},"end":{"line":219,"column":24}},"219":{"start":{"line":220,"column":0},"end":{"line":220,"column":21}},"220":{"start":{"line":221,"column":0},"end":{"line":221,"column":17}},"221":{"start":{"line":222,"column":0},"end":{"line":222,"column":7}},"222":{"start":{"line":223,"column":0},"end":{"line":223,"column":3}},"224":{"start":{"line":225,"column":0},"end":{"line":225,"column":38}},"225":{"start":{"line":226,"column":0},"end":{"line":226,"column":28}},"226":{"start":{"line":227,"column":0},"end":{"line":227,"column":37}},"228":{"start":{"line":229,"column":0},"end":{"line":229,"column":29}},"229":{"start":{"line":230,"column":0},"end":{"line":230,"column":39}},"230":{"start":{"line":231,"column":0},"end":{"line":231,"column":32}},"231":{"start":{"line":232,"column":0},"end":{"line":232,"column":39}},"232":{"start":{"line":233,"column":0},"end":{"line":233,"column":36}},"233":{"start":{"line":234,"column":0},"end":{"line":234,"column":64}},"234":{"start":{"line":235,"column":0},"end":{"line":235,"column":34}},"235":{"start":{"line":236,"column":0},"end":{"line":236,"column":11}},"236":{"start":{"line":237,"column":0},"end":{"line":237,"column":9}},"237":{"start":{"line":238,"column":0},"end":{"line":238,"column":7}},"239":{"start":{"line":240,"column":0},"end":{"line":240,"column":106}},"240":{"start":{"line":241,"column":0},"end":{"line":241,"column":61}},"241":{"start":{"line":242,"column":0},"end":{"line":242,"column":32}},"243":{"start":{"line":244,"column":0},"end":{"line":244,"column":31}},"244":{"start":{"line":245,"column":0},"end":{"line":245,"column":76}},"245":{"start":{"line":246,"column":0},"end":{"line":246,"column":26}},"247":{"start":{"line":248,"column":0},"end":{"line":248,"column":38}},"249":{"start":{"line":250,"column":0},"end":{"line":250,"column":58}},"250":{"start":{"line":251,"column":0},"end":{"line":251,"column":69}},"251":{"start":{"line":252,"column":0},"end":{"line":252,"column":166}},"252":{"start":{"line":253,"column":0},"end":{"line":253,"column":29}},"253":{"start":{"line":254,"column":0},"end":{"line":254,"column":31}},"254":{"start":{"line":255,"column":0},"end":{"line":255,"column":23}},"255":{"start":{"line":256,"column":0},"end":{"line":256,"column":9}},"257":{"start":{"line":258,"column":0},"end":{"line":258,"column":54}},"258":{"start":{"line":259,"column":0},"end":{"line":259,"column":67}},"259":{"start":{"line":260,"column":0},"end":{"line":260,"column":158}},"260":{"start":{"line":261,"column":0},"end":{"line":261,"column":27}},"261":{"start":{"line":262,"column":0},"end":{"line":262,"column":29}},"262":{"start":{"line":263,"column":0},"end":{"line":263,"column":23}},"263":{"start":{"line":264,"column":0},"end":{"line":264,"column":9}},"265":{"start":{"line":266,"column":0},"end":{"line":266,"column":56}},"266":{"start":{"line":267,"column":0},"end":{"line":267,"column":7}},"268":{"start":{"line":269,"column":0},"end":{"line":269,"column":35}},"269":{"start":{"line":270,"column":0},"end":{"line":270,"column":32}},"270":{"start":{"line":271,"column":0},"end":{"line":271,"column":60}},"271":{"start":{"line":272,"column":0},"end":{"line":272,"column":9}},"272":{"start":{"line":273,"column":0},"end":{"line":273,"column":7}},"274":{"start":{"line":275,"column":0},"end":{"line":275,"column":37}},"275":{"start":{"line":276,"column":0},"end":{"line":276,"column":35}},"276":{"start":{"line":277,"column":0},"end":{"line":277,"column":35}},"277":{"start":{"line":278,"column":0},"end":{"line":278,"column":7}},"278":{"start":{"line":279,"column":0},"end":{"line":279,"column":7}},"279":{"start":{"line":280,"column":0},"end":{"line":280,"column":3}},"281":{"start":{"line":282,"column":0},"end":{"line":282,"column":34}},"282":{"start":{"line":283,"column":0},"end":{"line":283,"column":29}},"283":{"start":{"line":284,"column":0},"end":{"line":284,"column":3}},"285":{"start":{"line":286,"column":0},"end":{"line":286,"column":34}},"286":{"start":{"line":287,"column":0},"end":{"line":287,"column":35}},"287":{"start":{"line":288,"column":0},"end":{"line":288,"column":27}},"289":{"start":{"line":290,"column":0},"end":{"line":290,"column":29}},"290":{"start":{"line":291,"column":0},"end":{"line":291,"column":33}},"291":{"start":{"line":292,"column":0},"end":{"line":292,"column":29}},"292":{"start":{"line":293,"column":0},"end":{"line":293,"column":7}},"293":{"start":{"line":294,"column":0},"end":{"line":294,"column":3}},"295":{"start":{"line":296,"column":0},"end":{"line":296,"column":81}},"296":{"start":{"line":297,"column":0},"end":{"line":297,"column":49}},"297":{"start":{"line":298,"column":0},"end":{"line":298,"column":55}},"298":{"start":{"line":299,"column":0},"end":{"line":299,"column":3}},"300":{"start":{"line":301,"column":0},"end":{"line":301,"column":52}},"301":{"start":{"line":302,"column":0},"end":{"line":302,"column":32}},"302":{"start":{"line":303,"column":0},"end":{"line":303,"column":71}},"303":{"start":{"line":304,"column":0},"end":{"line":304,"column":59}},"305":{"start":{"line":306,"column":0},"end":{"line":306,"column":34}},"306":{"start":{"line":307,"column":0},"end":{"line":307,"column":41}},"307":{"start":{"line":308,"column":0},"end":{"line":308,"column":39}},"308":{"start":{"line":309,"column":0},"end":{"line":309,"column":61}},"309":{"start":{"line":310,"column":0},"end":{"line":310,"column":71}},"310":{"start":{"line":311,"column":0},"end":{"line":311,"column":30}},"311":{"start":{"line":312,"column":0},"end":{"line":312,"column":32}},"312":{"start":{"line":313,"column":0},"end":{"line":313,"column":9}},"313":{"start":{"line":314,"column":0},"end":{"line":314,"column":57}},"314":{"start":{"line":315,"column":0},"end":{"line":315,"column":67}},"315":{"start":{"line":316,"column":0},"end":{"line":316,"column":28}},"316":{"start":{"line":317,"column":0},"end":{"line":317,"column":30}},"317":{"start":{"line":318,"column":0},"end":{"line":318,"column":9}},"318":{"start":{"line":319,"column":0},"end":{"line":319,"column":7}},"319":{"start":{"line":320,"column":0},"end":{"line":320,"column":19}},"320":{"start":{"line":321,"column":0},"end":{"line":321,"column":7}},"321":{"start":{"line":322,"column":0},"end":{"line":322,"column":3}},"323":{"start":{"line":324,"column":0},"end":{"line":324,"column":122}},"324":{"start":{"line":325,"column":0},"end":{"line":325,"column":46}},"326":{"start":{"line":327,"column":0},"end":{"line":327,"column":44}},"327":{"start":{"line":328,"column":0},"end":{"line":328,"column":42}},"328":{"start":{"line":329,"column":0},"end":{"line":329,"column":36}},"329":{"start":{"line":330,"column":0},"end":{"line":330,"column":5}},"331":{"start":{"line":332,"column":0},"end":{"line":332,"column":51}},"332":{"start":{"line":333,"column":0},"end":{"line":333,"column":40}},"333":{"start":{"line":334,"column":0},"end":{"line":334,"column":35}},"334":{"start":{"line":335,"column":0},"end":{"line":335,"column":31}},"335":{"start":{"line":336,"column":0},"end":{"line":336,"column":18}},"336":{"start":{"line":337,"column":0},"end":{"line":337,"column":7}},"338":{"start":{"line":339,"column":0},"end":{"line":339,"column":31}},"339":{"start":{"line":340,"column":0},"end":{"line":340,"column":37}},"340":{"start":{"line":341,"column":0},"end":{"line":341,"column":67}},"341":{"start":{"line":342,"column":0},"end":{"line":342,"column":61}},"342":{"start":{"line":343,"column":0},"end":{"line":343,"column":7}},"343":{"start":{"line":344,"column":0},"end":{"line":344,"column":33}},"344":{"start":{"line":345,"column":0},"end":{"line":345,"column":106}},"345":{"start":{"line":346,"column":0},"end":{"line":346,"column":7}},"346":{"start":{"line":347,"column":0},"end":{"line":347,"column":30}},"347":{"start":{"line":348,"column":0},"end":{"line":348,"column":65}},"348":{"start":{"line":349,"column":0},"end":{"line":349,"column":7}},"349":{"start":{"line":350,"column":0},"end":{"line":350,"column":5}},"351":{"start":{"line":352,"column":0},"end":{"line":352,"column":67}},"352":{"start":{"line":353,"column":0},"end":{"line":353,"column":27}},"353":{"start":{"line":354,"column":0},"end":{"line":354,"column":26}},"354":{"start":{"line":355,"column":0},"end":{"line":355,"column":26}},"355":{"start":{"line":356,"column":0},"end":{"line":356,"column":27}},"356":{"start":{"line":357,"column":0},"end":{"line":357,"column":27}},"357":{"start":{"line":358,"column":0},"end":{"line":358,"column":36}},"358":{"start":{"line":359,"column":0},"end":{"line":359,"column":37}},"359":{"start":{"line":360,"column":0},"end":{"line":360,"column":37}},"360":{"start":{"line":361,"column":0},"end":{"line":361,"column":49}},"361":{"start":{"line":362,"column":0},"end":{"line":362,"column":50}},"362":{"start":{"line":363,"column":0},"end":{"line":363,"column":7}},"364":{"start":{"line":365,"column":0},"end":{"line":365,"column":35}},"365":{"start":{"line":366,"column":0},"end":{"line":366,"column":35}},"366":{"start":{"line":367,"column":0},"end":{"line":367,"column":65}},"367":{"start":{"line":368,"column":0},"end":{"line":368,"column":65}},"369":{"start":{"line":370,"column":0},"end":{"line":370,"column":33}},"370":{"start":{"line":371,"column":0},"end":{"line":371,"column":39}},"371":{"start":{"line":372,"column":0},"end":{"line":372,"column":98}},"372":{"start":{"line":373,"column":0},"end":{"line":373,"column":90}},"373":{"start":{"line":374,"column":0},"end":{"line":374,"column":16}},"374":{"start":{"line":375,"column":0},"end":{"line":375,"column":22}},"375":{"start":{"line":376,"column":0},"end":{"line":376,"column":22}},"376":{"start":{"line":377,"column":0},"end":{"line":377,"column":9}},"377":{"start":{"line":378,"column":0},"end":{"line":378,"column":7}},"378":{"start":{"line":379,"column":0},"end":{"line":379,"column":5}},"380":{"start":{"line":381,"column":0},"end":{"line":381,"column":29}},"381":{"start":{"line":382,"column":0},"end":{"line":382,"column":33}},"382":{"start":{"line":383,"column":0},"end":{"line":383,"column":29}},"383":{"start":{"line":384,"column":0},"end":{"line":384,"column":35}},"384":{"start":{"line":385,"column":0},"end":{"line":385,"column":7}},"385":{"start":{"line":386,"column":0},"end":{"line":386,"column":33}},"386":{"start":{"line":387,"column":0},"end":{"line":387,"column":51}},"387":{"start":{"line":388,"column":0},"end":{"line":388,"column":7}},"388":{"start":{"line":389,"column":0},"end":{"line":389,"column":7}},"390":{"start":{"line":391,"column":0},"end":{"line":391,"column":35}},"391":{"start":{"line":392,"column":0},"end":{"line":392,"column":3}},"393":{"start":{"line":394,"column":0},"end":{"line":394,"column":25}},"394":{"start":{"line":395,"column":0},"end":{"line":395,"column":19}},"395":{"start":{"line":396,"column":0},"end":{"line":396,"column":3}},"397":{"start":{"line":398,"column":0},"end":{"line":398,"column":45}},"398":{"start":{"line":399,"column":0},"end":{"line":399,"column":41}},"399":{"start":{"line":400,"column":0},"end":{"line":400,"column":27}},"400":{"start":{"line":401,"column":0},"end":{"line":401,"column":33}},"401":{"start":{"line":402,"column":0},"end":{"line":402,"column":3}},"403":{"start":{"line":404,"column":0},"end":{"line":404,"column":27}},"404":{"start":{"line":405,"column":0},"end":{"line":405,"column":34}},"405":{"start":{"line":406,"column":0},"end":{"line":406,"column":50}},"406":{"start":{"line":407,"column":0},"end":{"line":407,"column":36}},"407":{"start":{"line":408,"column":0},"end":{"line":408,"column":43}},"408":{"start":{"line":409,"column":0},"end":{"line":409,"column":48}},"409":{"start":{"line":410,"column":0},"end":{"line":410,"column":5}},"411":{"start":{"line":412,"column":0},"end":{"line":412,"column":57}},"412":{"start":{"line":413,"column":0},"end":{"line":413,"column":57}},"413":{"start":{"line":414,"column":0},"end":{"line":414,"column":34}},"414":{"start":{"line":415,"column":0},"end":{"line":415,"column":3}},"416":{"start":{"line":417,"column":0},"end":{"line":417,"column":151}},"417":{"start":{"line":418,"column":0},"end":{"line":418,"column":18}},"418":{"start":{"line":419,"column":0},"end":{"line":419,"column":9}},"419":{"start":{"line":420,"column":0},"end":{"line":420,"column":11}},"420":{"start":{"line":421,"column":0},"end":{"line":421,"column":8}},"421":{"start":{"line":422,"column":0},"end":{"line":422,"column":8}},"422":{"start":{"line":423,"column":0},"end":{"line":423,"column":12}},"423":{"start":{"line":424,"column":0},"end":{"line":424,"column":13}},"424":{"start":{"line":425,"column":0},"end":{"line":425,"column":18}},"425":{"start":{"line":426,"column":0},"end":{"line":426,"column":25}},"426":{"start":{"line":427,"column":0},"end":{"line":427,"column":26}},"427":{"start":{"line":428,"column":0},"end":{"line":428,"column":6}},"429":{"start":{"line":430,"column":0},"end":{"line":430,"column":28}},"430":{"start":{"line":431,"column":0},"end":{"line":431,"column":77}},"431":{"start":{"line":432,"column":0},"end":{"line":432,"column":5}},"432":{"start":{"line":433,"column":0},"end":{"line":433,"column":31}},"433":{"start":{"line":434,"column":0},"end":{"line":434,"column":86}},"434":{"start":{"line":435,"column":0},"end":{"line":435,"column":5}},"435":{"start":{"line":436,"column":0},"end":{"line":436,"column":29}},"436":{"start":{"line":437,"column":0},"end":{"line":437,"column":86}},"437":{"start":{"line":438,"column":0},"end":{"line":438,"column":5}},"438":{"start":{"line":439,"column":0},"end":{"line":439,"column":26}},"439":{"start":{"line":440,"column":0},"end":{"line":440,"column":14}},"440":{"start":{"line":441,"column":0},"end":{"line":441,"column":16}},"441":{"start":{"line":442,"column":0},"end":{"line":442,"column":20}},"442":{"start":{"line":443,"column":0},"end":{"line":443,"column":22}},"443":{"start":{"line":444,"column":0},"end":{"line":444,"column":62}},"444":{"start":{"line":445,"column":0},"end":{"line":445,"column":17}},"445":{"start":{"line":446,"column":0},"end":{"line":446,"column":23}},"446":{"start":{"line":447,"column":0},"end":{"line":447,"column":5}},"447":{"start":{"line":448,"column":0},"end":{"line":448,"column":31}},"448":{"start":{"line":449,"column":0},"end":{"line":449,"column":14}},"449":{"start":{"line":450,"column":0},"end":{"line":450,"column":16}},"450":{"start":{"line":451,"column":0},"end":{"line":451,"column":17}},"451":{"start":{"line":452,"column":0},"end":{"line":452,"column":18}},"452":{"start":{"line":453,"column":0},"end":{"line":453,"column":21}},"453":{"start":{"line":454,"column":0},"end":{"line":454,"column":19}},"454":{"start":{"line":455,"column":0},"end":{"line":455,"column":23}},"455":{"start":{"line":456,"column":0},"end":{"line":456,"column":21}},"456":{"start":{"line":457,"column":0},"end":{"line":457,"column":24}},"457":{"start":{"line":458,"column":0},"end":{"line":458,"column":22}},"458":{"start":{"line":459,"column":0},"end":{"line":459,"column":23}},"459":{"start":{"line":460,"column":0},"end":{"line":460,"column":19}},"460":{"start":{"line":461,"column":0},"end":{"line":461,"column":17}},"461":{"start":{"line":462,"column":0},"end":{"line":462,"column":23}},"462":{"start":{"line":463,"column":0},"end":{"line":463,"column":5}},"463":{"start":{"line":464,"column":0},"end":{"line":464,"column":27}},"464":{"start":{"line":465,"column":0},"end":{"line":465,"column":14}},"465":{"start":{"line":466,"column":0},"end":{"line":466,"column":16}},"466":{"start":{"line":467,"column":0},"end":{"line":467,"column":23}},"467":{"start":{"line":468,"column":0},"end":{"line":468,"column":22}},"468":{"start":{"line":469,"column":0},"end":{"line":469,"column":21}},"469":{"start":{"line":470,"column":0},"end":{"line":470,"column":17}},"470":{"start":{"line":471,"column":0},"end":{"line":471,"column":23}},"471":{"start":{"line":472,"column":0},"end":{"line":472,"column":5}},"473":{"start":{"line":474,"column":0},"end":{"line":474,"column":48}},"474":{"start":{"line":475,"column":0},"end":{"line":475,"column":3}},"476":{"start":{"line":477,"column":0},"end":{"line":477,"column":85}},"477":{"start":{"line":478,"column":0},"end":{"line":478,"column":62}},"478":{"start":{"line":479,"column":0},"end":{"line":479,"column":54}},"479":{"start":{"line":480,"column":0},"end":{"line":480,"column":60}},"480":{"start":{"line":481,"column":0},"end":{"line":481,"column":63}},"482":{"start":{"line":483,"column":0},"end":{"line":483,"column":39}},"483":{"start":{"line":484,"column":0},"end":{"line":484,"column":47}},"484":{"start":{"line":485,"column":0},"end":{"line":485,"column":16}},"485":{"start":{"line":486,"column":0},"end":{"line":486,"column":55}},"486":{"start":{"line":487,"column":0},"end":{"line":487,"column":24}},"487":{"start":{"line":488,"column":0},"end":{"line":488,"column":7}},"488":{"start":{"line":489,"column":0},"end":{"line":489,"column":5}},"489":{"start":{"line":490,"column":0},"end":{"line":490,"column":34}},"490":{"start":{"line":491,"column":0},"end":{"line":491,"column":3}},"492":{"start":{"line":493,"column":0},"end":{"line":493,"column":38}},"493":{"start":{"line":494,"column":0},"end":{"line":494,"column":29}},"494":{"start":{"line":495,"column":0},"end":{"line":495,"column":51}},"495":{"start":{"line":496,"column":0},"end":{"line":496,"column":25}},"496":{"start":{"line":497,"column":0},"end":{"line":497,"column":5}},"497":{"start":{"line":498,"column":0},"end":{"line":498,"column":56}},"498":{"start":{"line":499,"column":0},"end":{"line":499,"column":3}},"500":{"start":{"line":501,"column":0},"end":{"line":501,"column":49}},"502":{"start":{"line":503,"column":0},"end":{"line":503,"column":24}},"503":{"start":{"line":504,"column":0},"end":{"line":504,"column":32}},"504":{"start":{"line":505,"column":0},"end":{"line":505,"column":21}},"505":{"start":{"line":506,"column":0},"end":{"line":506,"column":7}},"506":{"start":{"line":507,"column":0},"end":{"line":507,"column":47}},"507":{"start":{"line":508,"column":0},"end":{"line":508,"column":60}},"508":{"start":{"line":509,"column":0},"end":{"line":509,"column":30}},"509":{"start":{"line":510,"column":0},"end":{"line":510,"column":3}},"511":{"start":{"line":512,"column":0},"end":{"line":512,"column":33}},"512":{"start":{"line":513,"column":0},"end":{"line":513,"column":50}},"513":{"start":{"line":514,"column":0},"end":{"line":514,"column":46}},"514":{"start":{"line":515,"column":0},"end":{"line":515,"column":5}},"515":{"start":{"line":516,"column":0},"end":{"line":516,"column":14}},"516":{"start":{"line":517,"column":0},"end":{"line":517,"column":3}},"518":{"start":{"line":519,"column":0},"end":{"line":519,"column":39}},"519":{"start":{"line":520,"column":0},"end":{"line":520,"column":35}},"520":{"start":{"line":521,"column":0},"end":{"line":521,"column":45}},"521":{"start":{"line":522,"column":0},"end":{"line":522,"column":3}},"523":{"start":{"line":524,"column":0},"end":{"line":524,"column":51}},"524":{"start":{"line":525,"column":0},"end":{"line":525,"column":29}},"525":{"start":{"line":526,"column":0},"end":{"line":526,"column":34}},"526":{"start":{"line":527,"column":0},"end":{"line":527,"column":39}},"527":{"start":{"line":528,"column":0},"end":{"line":528,"column":51}},"528":{"start":{"line":529,"column":0},"end":{"line":529,"column":51}},"529":{"start":{"line":530,"column":0},"end":{"line":530,"column":26}},"530":{"start":{"line":531,"column":0},"end":{"line":531,"column":46}},"531":{"start":{"line":532,"column":0},"end":{"line":532,"column":51}},"532":{"start":{"line":533,"column":0},"end":{"line":533,"column":7}},"533":{"start":{"line":534,"column":0},"end":{"line":534,"column":6}},"534":{"start":{"line":535,"column":0},"end":{"line":535,"column":18}},"535":{"start":{"line":536,"column":0},"end":{"line":536,"column":15}},"536":{"start":{"line":537,"column":0},"end":{"line":537,"column":3}},"538":{"start":{"line":539,"column":0},"end":{"line":539,"column":61}},"539":{"start":{"line":540,"column":0},"end":{"line":540,"column":42}},"540":{"start":{"line":541,"column":0},"end":{"line":541,"column":49}},"541":{"start":{"line":542,"column":0},"end":{"line":542,"column":75}},"542":{"start":{"line":543,"column":0},"end":{"line":543,"column":27}},"543":{"start":{"line":544,"column":0},"end":{"line":544,"column":3}},"545":{"start":{"line":546,"column":0},"end":{"line":546,"column":58}},"546":{"start":{"line":547,"column":0},"end":{"line":547,"column":42}},"547":{"start":{"line":548,"column":0},"end":{"line":548,"column":49}},"548":{"start":{"line":549,"column":0},"end":{"line":549,"column":42}},"549":{"start":{"line":550,"column":0},"end":{"line":550,"column":38}},"550":{"start":{"line":551,"column":0},"end":{"line":551,"column":46}},"551":{"start":{"line":552,"column":0},"end":{"line":552,"column":29}},"552":{"start":{"line":553,"column":0},"end":{"line":553,"column":5}},"553":{"start":{"line":554,"column":0},"end":{"line":554,"column":3}},"555":{"start":{"line":556,"column":0},"end":{"line":556,"column":51}},"556":{"start":{"line":557,"column":0},"end":{"line":557,"column":35}},"557":{"start":{"line":558,"column":0},"end":{"line":558,"column":49}},"559":{"start":{"line":560,"column":0},"end":{"line":560,"column":31}},"560":{"start":{"line":561,"column":0},"end":{"line":561,"column":32}},"561":{"start":{"line":562,"column":0},"end":{"line":562,"column":32}},"562":{"start":{"line":563,"column":0},"end":{"line":563,"column":68}},"563":{"start":{"line":564,"column":0},"end":{"line":564,"column":77}},"564":{"start":{"line":565,"column":0},"end":{"line":565,"column":55}},"565":{"start":{"line":566,"column":0},"end":{"line":566,"column":9}},"566":{"start":{"line":567,"column":0},"end":{"line":567,"column":7}},"567":{"start":{"line":568,"column":0},"end":{"line":568,"column":13}},"568":{"start":{"line":569,"column":0},"end":{"line":569,"column":5}},"570":{"start":{"line":571,"column":0},"end":{"line":571,"column":85}},"571":{"start":{"line":572,"column":0},"end":{"line":572,"column":46}},"572":{"start":{"line":573,"column":0},"end":{"line":573,"column":83}},"574":{"start":{"line":575,"column":0},"end":{"line":575,"column":46}},"575":{"start":{"line":576,"column":0},"end":{"line":576,"column":36}},"576":{"start":{"line":577,"column":0},"end":{"line":577,"column":45}},"577":{"start":{"line":578,"column":0},"end":{"line":578,"column":95}},"578":{"start":{"line":579,"column":0},"end":{"line":579,"column":29}},"579":{"start":{"line":580,"column":0},"end":{"line":580,"column":9}},"580":{"start":{"line":581,"column":0},"end":{"line":581,"column":7}},"581":{"start":{"line":582,"column":0},"end":{"line":582,"column":5}},"583":{"start":{"line":584,"column":0},"end":{"line":584,"column":79}},"584":{"start":{"line":585,"column":0},"end":{"line":585,"column":55}},"585":{"start":{"line":586,"column":0},"end":{"line":586,"column":5}},"587":{"start":{"line":588,"column":0},"end":{"line":588,"column":21}},"588":{"start":{"line":589,"column":0},"end":{"line":589,"column":49}},"589":{"start":{"line":590,"column":0},"end":{"line":590,"column":5}},"591":{"start":{"line":592,"column":0},"end":{"line":592,"column":65}},"592":{"start":{"line":593,"column":0},"end":{"line":593,"column":99}},"593":{"start":{"line":594,"column":0},"end":{"line":594,"column":5}},"594":{"start":{"line":595,"column":0},"end":{"line":595,"column":3}},"596":{"start":{"line":597,"column":0},"end":{"line":597,"column":102}},"597":{"start":{"line":598,"column":0},"end":{"line":598,"column":90}},"598":{"start":{"line":599,"column":0},"end":{"line":599,"column":47}},"599":{"start":{"line":600,"column":0},"end":{"line":600,"column":26}},"600":{"start":{"line":601,"column":0},"end":{"line":601,"column":48}},"601":{"start":{"line":602,"column":0},"end":{"line":602,"column":26}},"602":{"start":{"line":603,"column":0},"end":{"line":603,"column":29}},"603":{"start":{"line":604,"column":0},"end":{"line":604,"column":29}},"604":{"start":{"line":605,"column":0},"end":{"line":605,"column":41}},"605":{"start":{"line":606,"column":0},"end":{"line":606,"column":37}},"606":{"start":{"line":607,"column":0},"end":{"line":607,"column":7}},"607":{"start":{"line":608,"column":0},"end":{"line":608,"column":5}},"608":{"start":{"line":609,"column":0},"end":{"line":609,"column":16}},"609":{"start":{"line":610,"column":0},"end":{"line":610,"column":3}},"610":{"start":{"line":611,"column":0},"end":{"line":611,"column":1}}},"s":{"0":1,"1":1,"3":1,"14":1,"15":1,"16":1,"17":1,"18":1,"19":1,"20":1,"21":1,"22":1,"23":1,"24":1,"25":1,"27":1,"29":1,"30":1,"31":60,"32":60,"34":1,"35":60,"36":60,"37":60,"38":60,"40":1,"41":73,"42":73,"44":73,"45":73,"46":73,"47":73,"48":73,"50":73,"51":73,"53":1,"54":4,"55":4,"57":3,"58":3,"59":3,"60":3,"61":3,"62":3,"63":3,"64":3,"65":4,"67":1,"68":3,"69":3,"70":2,"71":2,"72":2,"73":3,"75":1,"76":4,"78":3,"79":3,"80":3,"81":3,"82":1,"83":1,"84":1,"85":1,"86":3,"88":3,"89":3,"90":4,"91":4,"92":4,"93":4,"95":3,"96":4,"97":4,"98":3,"99":4,"101":1,"102":3,"103":3,"105":2,"106":2,"107":2,"108":2,"109":2,"110":2,"111":2,"113":2,"114":2,"115":2,"116":2,"117":3,"119":1,"120":7,"122":5,"123":5,"125":7,"126":4,"127":4,"128":4,"129":4,"130":4,"131":4,"132":5,"133":5,"134":5,"135":5,"136":5,"137":4,"138":4,"140":7,"141":5,"142":6,"144":5,"145":5,"146":5,"147":5,"148":5,"149":5,"150":6,"151":6,"152":6,"153":6,"155":5,"156":6,"157":6,"158":7,"159":7,"161":1,"162":3,"163":3,"165":2,"166":2,"167":1,"168":1,"169":1,"170":1,"171":2,"172":3,"174":1,"175":2,"176":2,"178":2,"179":2,"180":1,"181":2,"182":2,"184":1,"185":1,"186":1,"187":1,"188":1,"189":1,"190":1,"192":1,"193":8,"194":8,"196":8,"198":8,"200":8,"201":6,"202":6,"203":6,"204":8,"205":1,"206":1,"207":1,"208":1,"210":7,"211":7,"212":7,"213":8,"215":1,"216":6,"217":6,"218":6,"219":6,"220":6,"221":6,"222":6,"224":1,"225":6,"226":5,"228":5,"229":5,"230":5,"231":6,"232":6,"233":1,"234":1,"235":1,"236":1,"237":6,"239":5,"240":5,"241":5,"243":5,"244":8,"245":1,"247":1,"249":8,"250":1,"251":1,"252":1,"253":1,"254":1,"255":1,"257":8,"258":0,"259":0,"260":0,"261":0,"262":0,"263":0,"265":1,"266":8,"268":5,"269":7,"270":1,"271":1,"272":7,"274":5,"275":7,"276":7,"277":7,"278":5,"279":6,"281":1,"282":0,"283":0,"285":1,"286":2,"287":2,"289":2,"290":2,"291":2,"292":2,"293":2,"295":1,"296":3,"297":3,"298":3,"300":1,"301":5,"302":5,"303":5,"305":5,"306":8,"307":8,"308":2,"309":0,"310":0,"311":0,"312":0,"313":2,"314":1,"315":1,"316":1,"317":1,"318":2,"319":8,"320":5,"321":5,"323":1,"324":5,"326":4,"327":5,"328":6,"329":6,"331":4,"332":6,"333":6,"334":6,"335":6,"336":4,"338":5,"339":6,"340":1,"341":1,"342":1,"343":6,"344":0,"345":0,"346":6,"347":0,"348":0,"349":6,"351":4,"352":4,"353":4,"354":4,"355":4,"356":4,"357":4,"358":5,"359":5,"360":5,"361":5,"362":5,"364":4,"365":4,"366":4,"367":4,"369":4,"370":6,"371":1,"372":1,"373":6,"374":5,"375":5,"376":5,"377":6,"378":4,"380":4,"381":4,"382":6,"383":6,"384":6,"385":4,"386":6,"387":6,"388":4,"390":4,"391":5,"393":1,"394":0,"395":0,"397":1,"398":208,"399":208,"400":200,"401":208,"403":1,"404":101,"405":101,"406":149,"407":149,"408":149,"409":149,"411":101,"412":101,"413":101,"414":101,"416":1,"417":73,"418":73,"419":73,"420":73,"421":73,"422":73,"423":73,"424":73,"425":73,"426":73,"427":73,"429":73,"430":10,"431":10,"432":73,"433":41,"434":41,"435":73,"436":1,"437":1,"438":73,"439":3,"440":3,"441":3,"442":3,"443":3,"444":3,"445":3,"446":3,"447":73,"448":9,"449":9,"450":9,"451":9,"452":9,"453":9,"454":9,"455":9,"456":9,"457":9,"458":9,"459":9,"460":9,"461":9,"462":9,"463":9,"464":9,"465":9,"466":9,"467":9,"468":9,"469":9,"470":9,"471":9,"473":0,"474":73,"476":1,"477":1,"478":1,"479":1,"480":1,"482":1,"483":1,"484":1,"485":1,"486":1,"487":1,"488":1,"489":0,"490":1,"492":1,"493":122,"494":122,"495":1474,"496":1474,"497":122,"498":122,"500":1,"502":349,"503":349,"504":4103,"505":349,"506":349,"507":349,"508":349,"509":349,"511":1,"512":9,"513":10,"514":10,"515":0,"516":9,"518":1,"519":7,"520":7,"521":7,"523":1,"524":2,"525":2,"526":2,"527":2,"528":2,"529":2,"530":2,"531":2,"532":2,"533":2,"534":2,"535":2,"536":2,"538":1,"539":2,"540":2,"541":2,"542":2,"543":2,"545":1,"546":9,"547":9,"548":9,"549":9,"550":7,"551":7,"552":7,"553":9,"555":1,"556":96,"557":96,"559":96,"560":10,"561":10,"562":13,"563":13,"564":2,"565":2,"566":13,"567":10,"568":10,"570":75,"571":75,"572":96,"574":96,"575":96,"576":12,"577":10,"578":10,"579":10,"580":10,"581":12,"583":96,"584":1,"585":1,"587":96,"588":9,"589":9,"591":96,"592":8,"593":8,"594":96,"596":1,"597":3,"598":3,"599":2,"600":2,"601":2,"602":2,"603":2,"604":2,"605":1,"606":1,"607":2,"608":2,"609":3,"610":1},"branchMap":{"0":{"type":"branch","line":31,"loc":{"start":{"line":31,"column":2},"end":{"line":33,"column":26}},"locations":[{"start":{"line":31,"column":2},"end":{"line":33,"column":26}}]},"1":{"type":"branch","line":35,"loc":{"start":{"line":35,"column":2},"end":{"line":39,"column":3}},"locations":[{"start":{"line":35,"column":2},"end":{"line":39,"column":3}}]},"2":{"type":"branch","line":41,"loc":{"start":{"line":41,"column":2},"end":{"line":52,"column":3}},"locations":[{"start":{"line":41,"column":2},"end":{"line":52,"column":3}}]},"3":{"type":"branch","line":45,"loc":{"start":{"line":45,"column":22},"end":{"line":49,"column":5}},"locations":[{"start":{"line":45,"column":22},"end":{"line":49,"column":5}}]},"4":{"type":"branch","line":54,"loc":{"start":{"line":54,"column":2},"end":{"line":66,"column":3}},"locations":[{"start":{"line":54,"column":2},"end":{"line":66,"column":3}}]},"5":{"type":"branch","line":56,"loc":{"start":{"line":56,"column":14},"end":{"line":56,"column":21}},"locations":[{"start":{"line":56,"column":14},"end":{"line":56,"column":21}}]},"6":{"type":"branch","line":56,"loc":{"start":{"line":56,"column":14},"end":{"line":65,"column":7}},"locations":[{"start":{"line":56,"column":14},"end":{"line":65,"column":7}}]},"7":{"type":"branch","line":58,"loc":{"start":{"line":58,"column":22},"end":{"line":65,"column":5}},"locations":[{"start":{"line":58,"column":22},"end":{"line":65,"column":5}}]},"8":{"type":"branch","line":60,"loc":{"start":{"line":60,"column":42},"end":{"line":60,"column":55}},"locations":[{"start":{"line":60,"column":42},"end":{"line":60,"column":55}}]},"9":{"type":"branch","line":61,"loc":{"start":{"line":61,"column":38},"end":{"line":61,"column":65}},"locations":[{"start":{"line":61,"column":38},"end":{"line":61,"column":65}}]},"10":{"type":"branch","line":62,"loc":{"start":{"line":62,"column":39},"end":{"line":62,"column":67}},"locations":[{"start":{"line":62,"column":39},"end":{"line":62,"column":67}}]},"11":{"type":"branch","line":68,"loc":{"start":{"line":68,"column":2},"end":{"line":74,"column":3}},"locations":[{"start":{"line":68,"column":2},"end":{"line":74,"column":3}}]},"12":{"type":"branch","line":70,"loc":{"start":{"line":70,"column":14},"end":{"line":70,"column":21}},"locations":[{"start":{"line":70,"column":14},"end":{"line":70,"column":21}}]},"13":{"type":"branch","line":70,"loc":{"start":{"line":70,"column":14},"end":{"line":73,"column":35}},"locations":[{"start":{"line":70,"column":14},"end":{"line":73,"column":35}}]},"14":{"type":"branch","line":76,"loc":{"start":{"line":76,"column":2},"end":{"line":100,"column":3}},"locations":[{"start":{"line":76,"column":2},"end":{"line":100,"column":3}}]},"15":{"type":"branch","line":77,"loc":{"start":{"line":77,"column":31},"end":{"line":77,"column":47}},"locations":[{"start":{"line":77,"column":31},"end":{"line":77,"column":47}}]},"16":{"type":"branch","line":77,"loc":{"start":{"line":77,"column":47},"end":{"line":77,"column":54}},"locations":[{"start":{"line":77,"column":47},"end":{"line":77,"column":54}}]},"17":{"type":"branch","line":77,"loc":{"start":{"line":77,"column":47},"end":{"line":99,"column":7}},"locations":[{"start":{"line":77,"column":47},"end":{"line":99,"column":7}}]},"18":{"type":"branch","line":82,"loc":{"start":{"line":82,"column":33},"end":{"line":86,"column":7}},"locations":[{"start":{"line":82,"column":33},"end":{"line":86,"column":7}}]},"19":{"type":"branch","line":89,"loc":{"start":{"line":89,"column":22},"end":{"line":99,"column":5}},"locations":[{"start":{"line":89,"column":22},"end":{"line":99,"column":5}}]},"20":{"type":"branch","line":90,"loc":{"start":{"line":90,"column":32},"end":{"line":94,"column":7}},"locations":[{"start":{"line":90,"column":32},"end":{"line":94,"column":7}}]},"21":{"type":"branch","line":92,"loc":{"start":{"line":92,"column":18},"end":{"line":92,"column":27}},"locations":[{"start":{"line":92,"column":18},"end":{"line":92,"column":27}}]},"22":{"type":"branch","line":96,"loc":{"start":{"line":96,"column":32},"end":{"line":98,"column":7}},"locations":[{"start":{"line":96,"column":32},"end":{"line":98,"column":7}}]},"23":{"type":"branch","line":102,"loc":{"start":{"line":102,"column":2},"end":{"line":118,"column":3}},"locations":[{"start":{"line":102,"column":2},"end":{"line":118,"column":3}}]},"24":{"type":"branch","line":104,"loc":{"start":{"line":104,"column":42},"end":{"line":104,"column":49}},"locations":[{"start":{"line":104,"column":42},"end":{"line":104,"column":49}}]},"25":{"type":"branch","line":104,"loc":{"start":{"line":104,"column":42},"end":{"line":117,"column":7}},"locations":[{"start":{"line":104,"column":42},"end":{"line":117,"column":7}}]},"26":{"type":"branch","line":114,"loc":{"start":{"line":114,"column":22},"end":{"line":117,"column":5}},"locations":[{"start":{"line":114,"column":22},"end":{"line":117,"column":5}}]},"27":{"type":"branch","line":120,"loc":{"start":{"line":120,"column":2},"end":{"line":160,"column":3}},"locations":[{"start":{"line":120,"column":2},"end":{"line":160,"column":3}}]},"28":{"type":"branch","line":121,"loc":{"start":{"line":121,"column":13},"end":{"line":121,"column":41}},"locations":[{"start":{"line":121,"column":13},"end":{"line":121,"column":41}}]},"29":{"type":"branch","line":121,"loc":{"start":{"line":121,"column":41},"end":{"line":121,"column":48}},"locations":[{"start":{"line":121,"column":41},"end":{"line":121,"column":48}}]},"30":{"type":"branch","line":121,"loc":{"start":{"line":121,"column":41},"end":{"line":124,"column":32}},"locations":[{"start":{"line":121,"column":41},"end":{"line":124,"column":32}}]},"31":{"type":"branch","line":124,"loc":{"start":{"line":124,"column":25},"end":{"line":124,"column":32}},"locations":[{"start":{"line":124,"column":25},"end":{"line":124,"column":32}}]},"32":{"type":"branch","line":124,"loc":{"start":{"line":124,"column":25},"end":{"line":126,"column":36}},"locations":[{"start":{"line":124,"column":25},"end":{"line":126,"column":36}}]},"33":{"type":"branch","line":126,"loc":{"start":{"line":126,"column":26},"end":{"line":139,"column":9}},"locations":[{"start":{"line":126,"column":26},"end":{"line":139,"column":9}}]},"34":{"type":"branch","line":123,"loc":{"start":{"line":123,"column":28},"end":{"line":123,"column":54}},"locations":[{"start":{"line":123,"column":28},"end":{"line":123,"column":54}}]},"35":{"type":"branch","line":123,"loc":{"start":{"line":123,"column":63},"end":{"line":123,"column":91}},"locations":[{"start":{"line":123,"column":63},"end":{"line":123,"column":91}}]},"36":{"type":"branch","line":126,"loc":{"start":{"line":126,"column":36},"end":{"line":139,"column":7}},"locations":[{"start":{"line":126,"column":36},"end":{"line":139,"column":7}}]},"37":{"type":"branch","line":132,"loc":{"start":{"line":132,"column":29},"end":{"line":137,"column":7}},"locations":[{"start":{"line":132,"column":29},"end":{"line":137,"column":7}}]},"38":{"type":"branch","line":127,"loc":{"start":{"line":127,"column":32},"end":{"line":127,"column":55}},"locations":[{"start":{"line":127,"column":32},"end":{"line":127,"column":55}}]},"39":{"type":"branch","line":141,"loc":{"start":{"line":141,"column":22},"end":{"line":159,"column":5}},"locations":[{"start":{"line":141,"column":22},"end":{"line":159,"column":5}}]},"40":{"type":"branch","line":142,"loc":{"start":{"line":142,"column":33},"end":{"line":154,"column":7}},"locations":[{"start":{"line":142,"column":33},"end":{"line":154,"column":7}}]},"41":{"type":"branch","line":143,"loc":{"start":{"line":143,"column":38},"end":{"line":143,"column":47}},"locations":[{"start":{"line":143,"column":38},"end":{"line":143,"column":47}}]},"42":{"type":"branch","line":143,"loc":{"start":{"line":143,"column":38},"end":{"line":151,"column":57}},"locations":[{"start":{"line":143,"column":38},"end":{"line":151,"column":57}}]},"43":{"type":"branch","line":156,"loc":{"start":{"line":156,"column":33},"end":{"line":158,"column":7}},"locations":[{"start":{"line":156,"column":33},"end":{"line":158,"column":7}}]},"44":{"type":"branch","line":162,"loc":{"start":{"line":162,"column":2},"end":{"line":173,"column":3}},"locations":[{"start":{"line":162,"column":2},"end":{"line":173,"column":3}}]},"45":{"type":"branch","line":164,"loc":{"start":{"line":164,"column":14},"end":{"line":164,"column":21}},"locations":[{"start":{"line":164,"column":14},"end":{"line":164,"column":21}}]},"46":{"type":"branch","line":164,"loc":{"start":{"line":164,"column":14},"end":{"line":172,"column":7}},"locations":[{"start":{"line":164,"column":14},"end":{"line":172,"column":7}}]},"47":{"type":"branch","line":166,"loc":{"start":{"line":166,"column":22},"end":{"line":172,"column":5}},"locations":[{"start":{"line":166,"column":22},"end":{"line":172,"column":5}}]},"48":{"type":"branch","line":167,"loc":{"start":{"line":167,"column":31},"end":{"line":171,"column":7}},"locations":[{"start":{"line":167,"column":31},"end":{"line":171,"column":7}}]},"49":{"type":"branch","line":175,"loc":{"start":{"line":175,"column":2},"end":{"line":183,"column":3}},"locations":[{"start":{"line":175,"column":2},"end":{"line":183,"column":3}}]},"50":{"type":"branch","line":177,"loc":{"start":{"line":177,"column":37},"end":{"line":179,"column":37}},"locations":[{"start":{"line":177,"column":37},"end":{"line":179,"column":37}}]},"51":{"type":"branch","line":179,"loc":{"start":{"line":179,"column":28},"end":{"line":179,"column":42}},"locations":[{"start":{"line":179,"column":28},"end":{"line":179,"column":42}}]},"52":{"type":"branch","line":180,"loc":{"start":{"line":180,"column":22},"end":{"line":182,"column":5}},"locations":[{"start":{"line":180,"column":22},"end":{"line":182,"column":5}}]},"53":{"type":"branch","line":185,"loc":{"start":{"line":185,"column":2},"end":{"line":191,"column":3}},"locations":[{"start":{"line":185,"column":2},"end":{"line":191,"column":3}}]},"54":{"type":"branch","line":187,"loc":{"start":{"line":187,"column":14},"end":{"line":187,"column":21}},"locations":[{"start":{"line":187,"column":14},"end":{"line":187,"column":21}}]},"55":{"type":"branch","line":188,"loc":{"start":{"line":188,"column":22},"end":{"line":190,"column":5}},"locations":[{"start":{"line":188,"column":22},"end":{"line":190,"column":5}}]},"56":{"type":"branch","line":193,"loc":{"start":{"line":193,"column":2},"end":{"line":214,"column":3}},"locations":[{"start":{"line":193,"column":2},"end":{"line":214,"column":3}}]},"57":{"type":"branch","line":195,"loc":{"start":{"line":195,"column":42},"end":{"line":195,"column":49}},"locations":[{"start":{"line":195,"column":42},"end":{"line":195,"column":49}}]},"58":{"type":"branch","line":195,"loc":{"start":{"line":195,"column":42},"end":{"line":197,"column":41}},"locations":[{"start":{"line":195,"column":42},"end":{"line":197,"column":41}}]},"59":{"type":"branch","line":197,"loc":{"start":{"line":197,"column":31},"end":{"line":197,"column":50}},"locations":[{"start":{"line":197,"column":31},"end":{"line":197,"column":50}}]},"60":{"type":"branch","line":197,"loc":{"start":{"line":197,"column":41},"end":{"line":197,"column":55}},"locations":[{"start":{"line":197,"column":41},"end":{"line":197,"column":55}}]},"61":{"type":"branch","line":201,"loc":{"start":{"line":201,"column":31},"end":{"line":205,"column":15}},"locations":[{"start":{"line":201,"column":31},"end":{"line":205,"column":15}}]},"62":{"type":"branch","line":203,"loc":{"start":{"line":203,"column":41},"end":{"line":203,"column":54}},"locations":[{"start":{"line":203,"column":41},"end":{"line":203,"column":54}}]},"63":{"type":"branch","line":205,"loc":{"start":{"line":205,"column":4},"end":{"line":209,"column":5}},"locations":[{"start":{"line":205,"column":4},"end":{"line":209,"column":5}}]},"64":{"type":"branch","line":209,"loc":{"start":{"line":209,"column":4},"end":{"line":213,"column":7}},"locations":[{"start":{"line":209,"column":4},"end":{"line":213,"column":7}}]},"65":{"type":"branch","line":211,"loc":{"start":{"line":211,"column":22},"end":{"line":213,"column":5}},"locations":[{"start":{"line":211,"column":22},"end":{"line":213,"column":5}}]},"66":{"type":"branch","line":216,"loc":{"start":{"line":216,"column":2},"end":{"line":223,"column":3}},"locations":[{"start":{"line":216,"column":2},"end":{"line":223,"column":3}}]},"67":{"type":"branch","line":225,"loc":{"start":{"line":225,"column":2},"end":{"line":280,"column":3}},"locations":[{"start":{"line":225,"column":2},"end":{"line":280,"column":3}}]},"68":{"type":"branch","line":226,"loc":{"start":{"line":226,"column":21},"end":{"line":226,"column":28}},"locations":[{"start":{"line":226,"column":21},"end":{"line":226,"column":28}}]},"69":{"type":"branch","line":226,"loc":{"start":{"line":226,"column":21},"end":{"line":279,"column":7}},"locations":[{"start":{"line":226,"column":21},"end":{"line":279,"column":7}}]},"70":{"type":"branch","line":229,"loc":{"start":{"line":229,"column":22},"end":{"line":279,"column":5}},"locations":[{"start":{"line":229,"column":22},"end":{"line":279,"column":5}}]},"71":{"type":"branch","line":231,"loc":{"start":{"line":231,"column":31},"end":{"line":238,"column":7}},"locations":[{"start":{"line":231,"column":31},"end":{"line":238,"column":7}}]},"72":{"type":"branch","line":233,"loc":{"start":{"line":233,"column":35},"end":{"line":237,"column":9}},"locations":[{"start":{"line":233,"column":35},"end":{"line":237,"column":9}}]},"73":{"type":"branch","line":244,"loc":{"start":{"line":244,"column":30},"end":{"line":267,"column":7}},"locations":[{"start":{"line":244,"column":30},"end":{"line":267,"column":7}}]},"74":{"type":"branch","line":245,"loc":{"start":{"line":245,"column":26},"end":{"line":245,"column":67}},"locations":[{"start":{"line":245,"column":26},"end":{"line":245,"column":67}}]},"75":{"type":"branch","line":245,"loc":{"start":{"line":245,"column":67},"end":{"line":245,"column":76}},"locations":[{"start":{"line":245,"column":67},"end":{"line":245,"column":76}}]},"76":{"type":"branch","line":245,"loc":{"start":{"line":245,"column":67},"end":{"line":250,"column":57}},"locations":[{"start":{"line":245,"column":67},"end":{"line":250,"column":57}}]},"77":{"type":"branch","line":250,"loc":{"start":{"line":250,"column":57},"end":{"line":258,"column":25}},"locations":[{"start":{"line":250,"column":57},"end":{"line":258,"column":25}}]},"78":{"type":"branch","line":252,"loc":{"start":{"line":252,"column":92},"end":{"line":252,"column":166}},"locations":[{"start":{"line":252,"column":92},"end":{"line":252,"column":166}}]},"79":{"type":"branch","line":258,"loc":{"start":{"line":258,"column":17},"end":{"line":258,"column":53}},"locations":[{"start":{"line":258,"column":17},"end":{"line":258,"column":53}}]},"80":{"type":"branch","line":258,"loc":{"start":{"line":258,"column":53},"end":{"line":264,"column":9}},"locations":[{"start":{"line":258,"column":53},"end":{"line":264,"column":9}}]},"81":{"type":"branch","line":264,"loc":{"start":{"line":264,"column":8},"end":{"line":266,"column":56}},"locations":[{"start":{"line":264,"column":8},"end":{"line":266,"column":56}}]},"82":{"type":"branch","line":269,"loc":{"start":{"line":269,"column":34},"end":{"line":273,"column":7}},"locations":[{"start":{"line":269,"column":34},"end":{"line":273,"column":7}}]},"83":{"type":"branch","line":270,"loc":{"start":{"line":270,"column":31},"end":{"line":272,"column":9}},"locations":[{"start":{"line":270,"column":31},"end":{"line":272,"column":9}}]},"84":{"type":"branch","line":275,"loc":{"start":{"line":275,"column":36},"end":{"line":278,"column":7}},"locations":[{"start":{"line":275,"column":36},"end":{"line":278,"column":7}}]},"85":{"type":"branch","line":240,"loc":{"start":{"line":240,"column":41},"end":{"line":240,"column":67}},"locations":[{"start":{"line":240,"column":41},"end":{"line":240,"column":67}}]},"86":{"type":"branch","line":240,"loc":{"start":{"line":240,"column":76},"end":{"line":240,"column":104}},"locations":[{"start":{"line":240,"column":76},"end":{"line":240,"column":104}}]},"87":{"type":"branch","line":241,"loc":{"start":{"line":241,"column":47},"end":{"line":241,"column":58}},"locations":[{"start":{"line":241,"column":47},"end":{"line":241,"column":58}}]},"88":{"type":"branch","line":251,"loc":{"start":{"line":251,"column":40},"end":{"line":251,"column":67}},"locations":[{"start":{"line":251,"column":40},"end":{"line":251,"column":67}}]},"89":{"type":"branch","line":286,"loc":{"start":{"line":286,"column":2},"end":{"line":294,"column":3}},"locations":[{"start":{"line":286,"column":2},"end":{"line":294,"column":3}}]},"90":{"type":"branch","line":288,"loc":{"start":{"line":288,"column":20},"end":{"line":288,"column":27}},"locations":[{"start":{"line":288,"column":20},"end":{"line":288,"column":27}}]},"91":{"type":"branch","line":290,"loc":{"start":{"line":290,"column":22},"end":{"line":293,"column":5}},"locations":[{"start":{"line":290,"column":22},"end":{"line":293,"column":5}}]},"92":{"type":"branch","line":296,"loc":{"start":{"line":296,"column":2},"end":{"line":299,"column":3}},"locations":[{"start":{"line":296,"column":2},"end":{"line":299,"column":3}}]},"93":{"type":"branch","line":301,"loc":{"start":{"line":301,"column":2},"end":{"line":322,"column":3}},"locations":[{"start":{"line":301,"column":2},"end":{"line":322,"column":3}}]},"94":{"type":"branch","line":303,"loc":{"start":{"line":303,"column":42},"end":{"line":303,"column":69}},"locations":[{"start":{"line":303,"column":42},"end":{"line":303,"column":69}}]},"95":{"type":"branch","line":304,"loc":{"start":{"line":304,"column":45},"end":{"line":304,"column":56}},"locations":[{"start":{"line":304,"column":45},"end":{"line":304,"column":56}}]},"96":{"type":"branch","line":306,"loc":{"start":{"line":306,"column":24},"end":{"line":321,"column":5}},"locations":[{"start":{"line":306,"column":24},"end":{"line":321,"column":5}}]},"97":{"type":"branch","line":308,"loc":{"start":{"line":308,"column":38},"end":{"line":319,"column":7}},"locations":[{"start":{"line":308,"column":38},"end":{"line":319,"column":7}}]},"98":{"type":"branch","line":309,"loc":{"start":{"line":309,"column":60},"end":{"line":313,"column":9}},"locations":[{"start":{"line":309,"column":60},"end":{"line":313,"column":9}}]},"99":{"type":"branch","line":314,"loc":{"start":{"line":314,"column":56},"end":{"line":318,"column":9}},"locations":[{"start":{"line":314,"column":56},"end":{"line":318,"column":9}}]},"100":{"type":"branch","line":324,"loc":{"start":{"line":324,"column":2},"end":{"line":392,"column":3}},"locations":[{"start":{"line":324,"column":2},"end":{"line":392,"column":3}}]},"101":{"type":"branch","line":325,"loc":{"start":{"line":325,"column":36},"end":{"line":325,"column":46}},"locations":[{"start":{"line":325,"column":36},"end":{"line":325,"column":46}}]},"102":{"type":"branch","line":325,"loc":{"start":{"line":325,"column":44},"end":{"line":328,"column":41}},"locations":[{"start":{"line":325,"column":44},"end":{"line":328,"column":41}}]},"103":{"type":"branch","line":328,"loc":{"start":{"line":328,"column":41},"end":{"line":330,"column":5}},"locations":[{"start":{"line":328,"column":41},"end":{"line":330,"column":5}}]},"104":{"type":"branch","line":330,"loc":{"start":{"line":330,"column":4},"end":{"line":339,"column":30}},"locations":[{"start":{"line":330,"column":4},"end":{"line":339,"column":30}}]},"105":{"type":"branch","line":339,"loc":{"start":{"line":339,"column":30},"end":{"line":350,"column":5}},"locations":[{"start":{"line":339,"column":30},"end":{"line":350,"column":5}}]},"106":{"type":"branch","line":340,"loc":{"start":{"line":340,"column":36},"end":{"line":343,"column":7}},"locations":[{"start":{"line":340,"column":36},"end":{"line":343,"column":7}}]},"107":{"type":"branch","line":341,"loc":{"start":{"line":341,"column":57},"end":{"line":341,"column":67}},"locations":[{"start":{"line":341,"column":57},"end":{"line":341,"column":67}}]},"108":{"type":"branch","line":342,"loc":{"start":{"line":342,"column":51},"end":{"line":342,"column":61}},"locations":[{"start":{"line":342,"column":51},"end":{"line":342,"column":61}}]},"109":{"type":"branch","line":344,"loc":{"start":{"line":344,"column":32},"end":{"line":346,"column":7}},"locations":[{"start":{"line":344,"column":32},"end":{"line":346,"column":7}}]},"110":{"type":"branch","line":347,"loc":{"start":{"line":347,"column":29},"end":{"line":349,"column":7}},"locations":[{"start":{"line":347,"column":29},"end":{"line":349,"column":7}}]},"111":{"type":"branch","line":350,"loc":{"start":{"line":350,"column":4},"end":{"line":391,"column":35}},"locations":[{"start":{"line":350,"column":4},"end":{"line":391,"column":35}}]},"112":{"type":"branch","line":358,"loc":{"start":{"line":358,"column":35},"end":{"line":363,"column":7}},"locations":[{"start":{"line":358,"column":35},"end":{"line":363,"column":7}}]},"113":{"type":"branch","line":367,"loc":{"start":{"line":367,"column":17},"end":{"line":367,"column":48}},"locations":[{"start":{"line":367,"column":17},"end":{"line":367,"column":48}}]},"114":{"type":"branch","line":367,"loc":{"start":{"line":367,"column":44},"end":{"line":367,"column":65}},"locations":[{"start":{"line":367,"column":44},"end":{"line":367,"column":65}}]},"115":{"type":"branch","line":368,"loc":{"start":{"line":368,"column":17},"end":{"line":368,"column":48}},"locations":[{"start":{"line":368,"column":17},"end":{"line":368,"column":48}}]},"116":{"type":"branch","line":368,"loc":{"start":{"line":368,"column":44},"end":{"line":368,"column":65}},"locations":[{"start":{"line":368,"column":44},"end":{"line":368,"column":65}}]},"117":{"type":"branch","line":370,"loc":{"start":{"line":370,"column":32},"end":{"line":378,"column":7}},"locations":[{"start":{"line":370,"column":32},"end":{"line":378,"column":7}}]},"118":{"type":"branch","line":371,"loc":{"start":{"line":371,"column":38},"end":{"line":374,"column":15}},"locations":[{"start":{"line":371,"column":38},"end":{"line":374,"column":15}}]},"119":{"type":"branch","line":372,"loc":{"start":{"line":372,"column":29},"end":{"line":372,"column":98}},"locations":[{"start":{"line":372,"column":29},"end":{"line":372,"column":98}}]},"120":{"type":"branch","line":373,"loc":{"start":{"line":373,"column":27},"end":{"line":373,"column":90}},"locations":[{"start":{"line":373,"column":27},"end":{"line":373,"column":90}}]},"121":{"type":"branch","line":374,"loc":{"start":{"line":374,"column":8},"end":{"line":377,"column":9}},"locations":[{"start":{"line":374,"column":8},"end":{"line":377,"column":9}}]},"122":{"type":"branch","line":332,"loc":{"start":{"line":332,"column":41},"end":{"line":337,"column":5}},"locations":[{"start":{"line":332,"column":41},"end":{"line":337,"column":5}}]},"123":{"type":"branch","line":352,"loc":{"start":{"line":352,"column":36},"end":{"line":352,"column":65}},"locations":[{"start":{"line":352,"column":36},"end":{"line":352,"column":65}}]},"124":{"type":"branch","line":381,"loc":{"start":{"line":381,"column":22},"end":{"line":389,"column":5}},"locations":[{"start":{"line":381,"column":22},"end":{"line":389,"column":5}}]},"125":{"type":"branch","line":382,"loc":{"start":{"line":382,"column":32},"end":{"line":385,"column":7}},"locations":[{"start":{"line":382,"column":32},"end":{"line":385,"column":7}}]},"126":{"type":"branch","line":386,"loc":{"start":{"line":386,"column":32},"end":{"line":388,"column":7}},"locations":[{"start":{"line":386,"column":32},"end":{"line":388,"column":7}}]},"127":{"type":"branch","line":391,"loc":{"start":{"line":391,"column":22},"end":{"line":391,"column":33}},"locations":[{"start":{"line":391,"column":22},"end":{"line":391,"column":33}}]},"128":{"type":"branch","line":398,"loc":{"start":{"line":398,"column":2},"end":{"line":402,"column":3}},"locations":[{"start":{"line":398,"column":2},"end":{"line":402,"column":3}}]},"129":{"type":"branch","line":400,"loc":{"start":{"line":400,"column":15},"end":{"line":400,"column":27}},"locations":[{"start":{"line":400,"column":15},"end":{"line":400,"column":27}}]},"130":{"type":"branch","line":400,"loc":{"start":{"line":400,"column":22},"end":{"line":401,"column":33}},"locations":[{"start":{"line":400,"column":22},"end":{"line":401,"column":33}}]},"131":{"type":"branch","line":404,"loc":{"start":{"line":404,"column":2},"end":{"line":415,"column":3}},"locations":[{"start":{"line":404,"column":2},"end":{"line":415,"column":3}}]},"132":{"type":"branch","line":406,"loc":{"start":{"line":406,"column":49},"end":{"line":410,"column":5}},"locations":[{"start":{"line":406,"column":49},"end":{"line":410,"column":5}}]},"133":{"type":"branch","line":412,"loc":{"start":{"line":412,"column":30},"end":{"line":412,"column":55}},"locations":[{"start":{"line":412,"column":30},"end":{"line":412,"column":55}}]},"134":{"type":"branch","line":413,"loc":{"start":{"line":413,"column":30},"end":{"line":413,"column":55}},"locations":[{"start":{"line":413,"column":30},"end":{"line":413,"column":55}}]},"135":{"type":"branch","line":417,"loc":{"start":{"line":417,"column":2},"end":{"line":475,"column":3}},"locations":[{"start":{"line":417,"column":2},"end":{"line":475,"column":3}}]},"136":{"type":"branch","line":430,"loc":{"start":{"line":430,"column":27},"end":{"line":432,"column":5}},"locations":[{"start":{"line":430,"column":27},"end":{"line":432,"column":5}}]},"137":{"type":"branch","line":432,"loc":{"start":{"line":432,"column":4},"end":{"line":433,"column":30}},"locations":[{"start":{"line":432,"column":4},"end":{"line":433,"column":30}}]},"138":{"type":"branch","line":433,"loc":{"start":{"line":433,"column":30},"end":{"line":435,"column":5}},"locations":[{"start":{"line":433,"column":30},"end":{"line":435,"column":5}}]},"139":{"type":"branch","line":435,"loc":{"start":{"line":435,"column":4},"end":{"line":436,"column":28}},"locations":[{"start":{"line":435,"column":4},"end":{"line":436,"column":28}}]},"140":{"type":"branch","line":436,"loc":{"start":{"line":436,"column":28},"end":{"line":438,"column":5}},"locations":[{"start":{"line":436,"column":28},"end":{"line":438,"column":5}}]},"141":{"type":"branch","line":438,"loc":{"start":{"line":438,"column":4},"end":{"line":439,"column":25}},"locations":[{"start":{"line":438,"column":4},"end":{"line":439,"column":25}}]},"142":{"type":"branch","line":439,"loc":{"start":{"line":439,"column":25},"end":{"line":447,"column":5}},"locations":[{"start":{"line":439,"column":25},"end":{"line":447,"column":5}}]},"143":{"type":"branch","line":447,"loc":{"start":{"line":447,"column":4},"end":{"line":448,"column":30}},"locations":[{"start":{"line":447,"column":4},"end":{"line":448,"column":30}}]},"144":{"type":"branch","line":448,"loc":{"start":{"line":448,"column":30},"end":{"line":472,"column":5}},"locations":[{"start":{"line":448,"column":30},"end":{"line":472,"column":5}}]},"145":{"type":"branch","line":472,"loc":{"start":{"line":472,"column":4},"end":{"line":474,"column":48}},"locations":[{"start":{"line":472,"column":4},"end":{"line":474,"column":48}}]},"146":{"type":"branch","line":477,"loc":{"start":{"line":477,"column":2},"end":{"line":491,"column":3}},"locations":[{"start":{"line":477,"column":2},"end":{"line":491,"column":3}}]},"147":{"type":"branch","line":479,"loc":{"start":{"line":479,"column":27},"end":{"line":479,"column":47}},"locations":[{"start":{"line":479,"column":27},"end":{"line":479,"column":47}}]},"148":{"type":"branch","line":480,"loc":{"start":{"line":480,"column":29},"end":{"line":480,"column":51}},"locations":[{"start":{"line":480,"column":29},"end":{"line":480,"column":51}}]},"149":{"type":"branch","line":481,"loc":{"start":{"line":481,"column":30},"end":{"line":481,"column":53}},"locations":[{"start":{"line":481,"column":30},"end":{"line":481,"column":53}}]},"150":{"type":"branch","line":489,"loc":{"start":{"line":489,"column":4},"end":{"line":490,"column":34}},"locations":[{"start":{"line":489,"column":4},"end":{"line":490,"column":34}}]},"151":{"type":"branch","line":493,"loc":{"start":{"line":493,"column":2},"end":{"line":499,"column":3}},"locations":[{"start":{"line":493,"column":2},"end":{"line":499,"column":3}}]},"152":{"type":"branch","line":495,"loc":{"start":{"line":495,"column":50},"end":{"line":497,"column":5}},"locations":[{"start":{"line":495,"column":50},"end":{"line":497,"column":5}}]},"153":{"type":"branch","line":501,"loc":{"start":{"line":501,"column":2},"end":{"line":510,"column":3}},"locations":[{"start":{"line":501,"column":2},"end":{"line":510,"column":3}}]},"154":{"type":"branch","line":507,"loc":{"start":{"line":507,"column":30},"end":{"line":507,"column":47}},"locations":[{"start":{"line":507,"column":30},"end":{"line":507,"column":47}}]},"155":{"type":"branch","line":508,"loc":{"start":{"line":508,"column":35},"end":{"line":508,"column":60}},"locations":[{"start":{"line":508,"column":35},"end":{"line":508,"column":60}}]},"156":{"type":"branch","line":504,"loc":{"start":{"line":504,"column":17},"end":{"line":506,"column":5}},"locations":[{"start":{"line":504,"column":17},"end":{"line":506,"column":5}}]},"157":{"type":"branch","line":512,"loc":{"start":{"line":512,"column":2},"end":{"line":517,"column":3}},"locations":[{"start":{"line":512,"column":2},"end":{"line":517,"column":3}}]},"158":{"type":"branch","line":513,"loc":{"start":{"line":513,"column":49},"end":{"line":515,"column":5}},"locations":[{"start":{"line":513,"column":49},"end":{"line":515,"column":5}}]},"159":{"type":"branch","line":514,"loc":{"start":{"line":514,"column":37},"end":{"line":514,"column":46}},"locations":[{"start":{"line":514,"column":37},"end":{"line":514,"column":46}}]},"160":{"type":"branch","line":515,"loc":{"start":{"line":515,"column":4},"end":{"line":516,"column":14}},"locations":[{"start":{"line":515,"column":4},"end":{"line":516,"column":14}}]},"161":{"type":"branch","line":519,"loc":{"start":{"line":519,"column":2},"end":{"line":522,"column":3}},"locations":[{"start":{"line":519,"column":2},"end":{"line":522,"column":3}}]},"162":{"type":"branch","line":524,"loc":{"start":{"line":524,"column":2},"end":{"line":537,"column":3}},"locations":[{"start":{"line":524,"column":2},"end":{"line":537,"column":3}}]},"163":{"type":"branch","line":526,"loc":{"start":{"line":526,"column":17},"end":{"line":534,"column":6}},"locations":[{"start":{"line":526,"column":17},"end":{"line":534,"column":6}}]},"164":{"type":"branch","line":528,"loc":{"start":{"line":528,"column":44},"end":{"line":528,"column":51}},"locations":[{"start":{"line":528,"column":44},"end":{"line":528,"column":51}}]},"165":{"type":"branch","line":529,"loc":{"start":{"line":529,"column":34},"end":{"line":529,"column":50}},"locations":[{"start":{"line":529,"column":34},"end":{"line":529,"column":50}}]},"166":{"type":"branch","line":532,"loc":{"start":{"line":532,"column":37},"end":{"line":532,"column":51}},"locations":[{"start":{"line":532,"column":37},"end":{"line":532,"column":51}}]},"167":{"type":"branch","line":539,"loc":{"start":{"line":539,"column":2},"end":{"line":544,"column":3}},"locations":[{"start":{"line":539,"column":2},"end":{"line":544,"column":3}}]},"168":{"type":"branch","line":541,"loc":{"start":{"line":541,"column":42},"end":{"line":541,"column":49}},"locations":[{"start":{"line":541,"column":42},"end":{"line":541,"column":49}}]},"169":{"type":"branch","line":542,"loc":{"start":{"line":542,"column":28},"end":{"line":542,"column":44}},"locations":[{"start":{"line":542,"column":28},"end":{"line":542,"column":44}}]},"170":{"type":"branch","line":542,"loc":{"start":{"line":542,"column":51},"end":{"line":542,"column":73}},"locations":[{"start":{"line":542,"column":51},"end":{"line":542,"column":73}}]},"171":{"type":"branch","line":546,"loc":{"start":{"line":546,"column":2},"end":{"line":554,"column":3}},"locations":[{"start":{"line":546,"column":2},"end":{"line":554,"column":3}}]},"172":{"type":"branch","line":548,"loc":{"start":{"line":548,"column":42},"end":{"line":548,"column":49}},"locations":[{"start":{"line":548,"column":42},"end":{"line":548,"column":49}}]},"173":{"type":"branch","line":549,"loc":{"start":{"line":549,"column":27},"end":{"line":549,"column":42}},"locations":[{"start":{"line":549,"column":27},"end":{"line":549,"column":42}}]},"174":{"type":"branch","line":550,"loc":{"start":{"line":550,"column":37},"end":{"line":553,"column":5}},"locations":[{"start":{"line":550,"column":37},"end":{"line":553,"column":5}}]},"175":{"type":"branch","line":556,"loc":{"start":{"line":556,"column":2},"end":{"line":595,"column":3}},"locations":[{"start":{"line":556,"column":2},"end":{"line":595,"column":3}}]},"176":{"type":"branch","line":558,"loc":{"start":{"line":558,"column":42},"end":{"line":558,"column":49}},"locations":[{"start":{"line":558,"column":42},"end":{"line":558,"column":49}}]},"177":{"type":"branch","line":558,"loc":{"start":{"line":558,"column":42},"end":{"line":560,"column":30}},"locations":[{"start":{"line":558,"column":42},"end":{"line":560,"column":30}}]},"178":{"type":"branch","line":560,"loc":{"start":{"line":560,"column":30},"end":{"line":569,"column":5}},"locations":[{"start":{"line":560,"column":30},"end":{"line":569,"column":5}}]},"179":{"type":"branch","line":562,"loc":{"start":{"line":562,"column":31},"end":{"line":567,"column":7}},"locations":[{"start":{"line":562,"column":31},"end":{"line":567,"column":7}}]},"180":{"type":"branch","line":563,"loc":{"start":{"line":563,"column":25},"end":{"line":563,"column":59}},"locations":[{"start":{"line":563,"column":25},"end":{"line":563,"column":59}}]},"181":{"type":"branch","line":563,"loc":{"start":{"line":563,"column":59},"end":{"line":563,"column":68}},"locations":[{"start":{"line":563,"column":59},"end":{"line":563,"column":68}}]},"182":{"type":"branch","line":563,"loc":{"start":{"line":563,"column":59},"end":{"line":564,"column":42}},"locations":[{"start":{"line":563,"column":59},"end":{"line":564,"column":42}}]},"183":{"type":"branch","line":564,"loc":{"start":{"line":564,"column":36},"end":{"line":564,"column":76}},"locations":[{"start":{"line":564,"column":36},"end":{"line":564,"column":76}}]},"184":{"type":"branch","line":564,"loc":{"start":{"line":564,"column":76},"end":{"line":566,"column":9}},"locations":[{"start":{"line":564,"column":76},"end":{"line":566,"column":9}}]},"185":{"type":"branch","line":569,"loc":{"start":{"line":569,"column":4},"end":{"line":573,"column":44}},"locations":[{"start":{"line":569,"column":4},"end":{"line":573,"column":44}}]},"186":{"type":"branch","line":573,"loc":{"start":{"line":573,"column":26},"end":{"line":573,"column":78}},"locations":[{"start":{"line":573,"column":26},"end":{"line":573,"column":78}}]},"187":{"type":"branch","line":573,"loc":{"start":{"line":573,"column":74},"end":{"line":573,"column":83}},"locations":[{"start":{"line":573,"column":74},"end":{"line":573,"column":83}}]},"188":{"type":"branch","line":576,"loc":{"start":{"line":576,"column":35},"end":{"line":582,"column":5}},"locations":[{"start":{"line":576,"column":35},"end":{"line":582,"column":5}}]},"189":{"type":"branch","line":577,"loc":{"start":{"line":577,"column":44},"end":{"line":581,"column":7}},"locations":[{"start":{"line":577,"column":44},"end":{"line":581,"column":7}}]},"190":{"type":"branch","line":578,"loc":{"start":{"line":578,"column":13},"end":{"line":578,"column":94}},"locations":[{"start":{"line":578,"column":13},"end":{"line":578,"column":94}}]},"191":{"type":"branch","line":582,"loc":{"start":{"line":582,"column":4},"end":{"line":584,"column":26}},"locations":[{"start":{"line":582,"column":4},"end":{"line":584,"column":26}}]},"192":{"type":"branch","line":584,"loc":{"start":{"line":584,"column":8},"end":{"line":584,"column":78}},"locations":[{"start":{"line":584,"column":8},"end":{"line":584,"column":78}}]},"193":{"type":"branch","line":584,"loc":{"start":{"line":584,"column":27},"end":{"line":584,"column":78}},"locations":[{"start":{"line":584,"column":27},"end":{"line":584,"column":78}}]},"194":{"type":"branch","line":584,"loc":{"start":{"line":584,"column":78},"end":{"line":586,"column":5}},"locations":[{"start":{"line":584,"column":78},"end":{"line":586,"column":5}}]},"195":{"type":"branch","line":586,"loc":{"start":{"line":586,"column":4},"end":{"line":588,"column":20}},"locations":[{"start":{"line":586,"column":4},"end":{"line":588,"column":20}}]},"196":{"type":"branch","line":588,"loc":{"start":{"line":588,"column":20},"end":{"line":590,"column":5}},"locations":[{"start":{"line":588,"column":20},"end":{"line":590,"column":5}}]},"197":{"type":"branch","line":590,"loc":{"start":{"line":590,"column":4},"end":{"line":592,"column":21}},"locations":[{"start":{"line":590,"column":4},"end":{"line":592,"column":21}}]},"198":{"type":"branch","line":592,"loc":{"start":{"line":592,"column":9},"end":{"line":592,"column":27}},"locations":[{"start":{"line":592,"column":9},"end":{"line":592,"column":27}}]},"199":{"type":"branch","line":592,"loc":{"start":{"line":592,"column":21},"end":{"line":592,"column":38}},"locations":[{"start":{"line":592,"column":21},"end":{"line":592,"column":38}}]},"200":{"type":"branch","line":592,"loc":{"start":{"line":592,"column":38},"end":{"line":592,"column":64}},"locations":[{"start":{"line":592,"column":38},"end":{"line":592,"column":64}}]},"201":{"type":"branch","line":592,"loc":{"start":{"line":592,"column":64},"end":{"line":594,"column":5}},"locations":[{"start":{"line":592,"column":64},"end":{"line":594,"column":5}}]},"202":{"type":"branch","line":593,"loc":{"start":{"line":593,"column":47},"end":{"line":593,"column":76}},"locations":[{"start":{"line":593,"column":47},"end":{"line":593,"column":76}}]},"203":{"type":"branch","line":593,"loc":{"start":{"line":593,"column":71},"end":{"line":593,"column":81}},"locations":[{"start":{"line":593,"column":71},"end":{"line":593,"column":81}}]},"204":{"type":"branch","line":571,"loc":{"start":{"line":571,"column":43},"end":{"line":571,"column":83}},"locations":[{"start":{"line":571,"column":43},"end":{"line":571,"column":83}}]},"205":{"type":"branch","line":571,"loc":{"start":{"line":571,"column":61},"end":{"line":571,"column":83}},"locations":[{"start":{"line":571,"column":61},"end":{"line":571,"column":83}}]},"206":{"type":"branch","line":597,"loc":{"start":{"line":597,"column":2},"end":{"line":610,"column":3}},"locations":[{"start":{"line":597,"column":2},"end":{"line":610,"column":3}}]},"207":{"type":"branch","line":599,"loc":{"start":{"line":599,"column":46},"end":{"line":609,"column":16}},"locations":[{"start":{"line":599,"column":46},"end":{"line":609,"column":16}}]},"208":{"type":"branch","line":602,"loc":{"start":{"line":602,"column":17},"end":{"line":602,"column":26}},"locations":[{"start":{"line":602,"column":17},"end":{"line":602,"column":26}}]},"209":{"type":"branch","line":605,"loc":{"start":{"line":605,"column":40},"end":{"line":607,"column":7}},"locations":[{"start":{"line":605,"column":40},"end":{"line":607,"column":7}}]},"210":{"type":"branch","line":598,"loc":{"start":{"line":598,"column":37},"end":{"line":598,"column":88}},"locations":[{"start":{"line":598,"column":37},"end":{"line":598,"column":88}}]}},"b":{"0":[60],"1":[60],"2":[73],"3":[73],"4":[4],"5":[1],"6":[3],"7":[3],"8":[2],"9":[1],"10":[1],"11":[3],"12":[1],"13":[2],"14":[4],"15":[1],"16":[1],"17":[3],"18":[1],"19":[3],"20":[4],"21":[0],"22":[4],"23":[3],"24":[1],"25":[2],"26":[2],"27":[7],"28":[6],"29":[2],"30":[5],"31":[0],"32":[5],"33":[4],"34":[6],"35":[6],"36":[4]
[...]
n":2},"end":{"line":151,"column":34}}]},"81":{"type":"branch","line":151,"loc":{"start":{"line":151,"column":34},"end":{"line":156,"column":3}},"locations":[{"start":{"line":151,"column":34},"end":{"line":156,"column":3}}]},"82":{"type":"branch","line":153,"loc":{"start":{"line":153,"column":57},"end":{"line":153,"column":73}},"locations":[{"start":{"line":153,"column":57},"end":{"line":153,"column":73}}]},"83":{"type":"branch","line":156,"loc":{"start":{"line":156,"column":2},"end":{"line":158,"column":35}},"locations":[{"start":{"line":156,"column":2},"end":{"line":158,"column":35}}]},"84":{"type":"branch","line":158,"loc":{"start":{"line":158,"column":35},"end":{"line":163,"column":3}},"locations":[{"start":{"line":158,"column":35},"end":{"line":163,"column":3}}]},"85":{"type":"branch","line":160,"loc":{"start":{"line":160,"column":57},"end":{"line":160,"column":73}},"locations":[{"start":{"line":160,"column":57},"end":{"line":160,"column":73}}]},"86":{"type":"branch","line":163,"loc":{"start":{"line":163,"column":2},"end":{"line":169,"column":3}},"locations":[{"start":{"line":163,"column":2},"end":{"line":169,"column":3}}]},"87":{"type":"branch","line":163,"loc":{"start":{"line":163,"column":2},"end":{"line":165,"column":35}},"locations":[{"start":{"line":163,"column":2},"end":{"line":165,"column":35}}]},"88":{"type":"branch","line":165,"loc":{"start":{"line":165,"column":35},"end":{"line":169,"column":3}},"locations":[{"start":{"line":165,"column":35},"end":{"line":169,"column":3}}]},"89":{"type":"branch","line":167,"loc":{"start":{"line":167,"column":57},"end":{"line":167,"column":73}},"locations":[{"start":{"line":167,"column":57},"end":{"line":167,"column":73}}]},"90":{"type":"branch","line":169,"loc":{"start":{"line":169,"column":2},"end":{"line":172,"column":1}},"locations":[{"start":{"line":169,"column":2},"end":{"line":172,"column":1}}]}},"b":{"0":[222],"1":[166],"2":[57],"3":[165],"4":[9],"5":[156],"6":[5],"7":[151],"8":[55],"9":[54],"10":[3],"11":[52],"12":[21],"13":[20],"14":[19],"15":[2],"16":[2],"17":[19],"18":[122],"19":[52],"20":[70],"21":[64],"22":[6],"23":[44],"24":[2],"25":[42],"26":[107],"27":[0],"28":[107],"29":[22],"30":[0],"31":[2],"32":[20],"33":[2],"34":[20],"35":[85],"36":[27],"37":[26],"38":[1],"39":[0],"40":[0],"41":[1],"42":[26],"43":[58],"44":[5],"45":[3],"46":[0],"47":[0],"48":[53],"49":[12],"50":[4],"51":[8],"52":[4],"53":[8],"54":[2],"55":[2],"56":[10],"57":[2],"58":[2],"59":[10],"60":[1],"61":[11],"62":[41],"63":[6],"64":[0],"65":[0],"66":[0],"67":[1],"68":[5],"69":[35],"70":[7],"71":[6],"72":[1],"73":[28],"74":[5],"75":[0],"76":[23],"77":[5],"78":[0],"79":[1],"80":[18],"81":[5],"82":[0],"83":[13],"84":[5],"85":[0],"86":[31],"87":[8],"88":[6],"89":[0],"90":[2]},"fnMap":{"0":{"name":"clampNumber","decl":{"start":{"line":31,"column":7},"end":{"line":36,"column":1}},"loc":{"start":{"line":31,"column":7},"end":{"line":36,"column":1}},"line":31},"1":{"name":"normalizeViewportCenter","decl":{"start":{"line":38,"column":7},"end":{"line":45,"column":1}},"loc":{"start":{"line":38,"column":7},"end":{"line":45,"column":1}},"line":38},"2":{"name":"normalizeAngle","decl":{"start":{"line":47,"column":7},"end":{"line":51,"column":1}},"loc":{"start":{"line":47,"column":7},"end":{"line":51,"column":1}},"line":47},"3":{"name":"sanitizeColor","decl":{"start":{"line":53,"column":7},"end":{"line":56,"column":1}},"loc":{"start":{"line":53,"column":7},"end":{"line":56,"column":1}},"line":53},"4":{"name":"clampText","decl":{"start":{"line":58,"column":7},"end":{"line":61,"column":1}},"loc":{"start":{"line":58,"column":7},"end":{"line":61,"column":1}},"line":58},"5":{"name":"asObject","decl":{"start":{"line":63,"column":0},"end":{"line":65,"column":1}},"loc":{"start":{"line":63,"column":0},"end":{"line":65,"column":1}},"line":63},"6":{"name":"validateToolArgs","decl":{"start":{"line":67,"column":7},"end":{"line":172,"column":1}},"loc":{"start":{"line":67,"column":7},"end":{"line":172,"column":1}},"line":67},"7":{"name":"toToolDefinitions","decl":{"start":{"line":174,"column":7},"end":{"line":391,"column":1}},"loc":{"start":{"line":174,"column":7},"end":{"line":391,"column":1}},"line":174}},"f":{"0":222,"1":55,"2":21,"3":122,"4":44,"5":107,"6":107,"7":0}}
,"/Users/natkoersch/collabboard/server/src/routes/boards.ts": {"path":"/Users/natkoersch/collabboard/server/src/routes/boards.ts","all":false,"statementMap":{"1":{"start":{"line":2,"column":0},"end":{"line":2,"column":35}},"2":{"start":{"line":3,"column":0},"end":{"line":3,"column":32}},"3":{"start":{"line":4,"column":0},"end":{"line":4,"column":60}},"4":{"start":{"line":5,"column":0},"end":{"line":5,"column":52}},"5":{"start":{"line":6,"column":0},"end":{"line":6,"column":54}},"7":{"start":{"line":8,"column":0},"end":{"line":8,"column":76}},"8":{"start":{"line":9,"column":0},"end":{"line":9,"column":43}},"9":{"start":{"line":10,"column":0},"end":{"line":10,"column":18}},"10":{"start":{"line":11,"column":0},"end":{"line":11,"column":53}},"11":{"start":{"line":12,"column":0},"end":{"line":12,"column":25}},"12":{"start":{"line":13,"column":0},"end":{"line":13,"column":48}},"13":{"start":{"line":14,"column":0},"end":{"line":14,"column":28}},"14":{"start":{"line":15,"column":0},"end":{"line":15,"column":7}},"15":{"start":{"line":16,"column":0},"end":{"line":16,"column":28}},"16":{"start":{"line":17,"column":0},"end":{"line":17,"column":5}},"17":{"start":{"line":18,"column":0},"end":{"line":18,"column":1}},"19":{"start":{"line":20,"column":0},"end":{"line":20,"column":73}},"20":{"start":{"line":21,"column":0},"end":{"line":21,"column":64}},"21":{"start":{"line":22,"column":0},"end":{"line":22,"column":32}},"22":{"start":{"line":23,"column":0},"end":{"line":23,"column":1}},"24":{"start":{"line":25,"column":0},"end":{"line":25,"column":130}},"25":{"start":{"line":26,"column":0},"end":{"line":26,"column":62}},"26":{"start":{"line":27,"column":0},"end":{"line":27,"column":23}},"28":{"start":{"line":29,"column":0},"end":{"line":29,"column":12}},"29":{"start":{"line":30,"column":0},"end":{"line":30,"column":64}},"30":{"start":{"line":31,"column":0},"end":{"line":31,"column":3}},"32":{"start":{"line":33,"column":0},"end":{"line":33,"column":63}},"33":{"start":{"line":34,"column":0},"end":{"line":34,"column":61}},"34":{"start":{"line":35,"column":0},"end":{"line":35,"column":70}},"36":{"start":{"line":37,"column":0},"end":{"line":37,"column":36}},"37":{"start":{"line":38,"column":0},"end":{"line":38,"column":115}},"38":{"start":{"line":39,"column":0},"end":{"line":39,"column":15}},"39":{"start":{"line":40,"column":0},"end":{"line":40,"column":6}},"40":{"start":{"line":41,"column":0},"end":{"line":41,"column":32}},"41":{"start":{"line":42,"column":0},"end":{"line":42,"column":3}},"43":{"start":{"line":44,"column":0},"end":{"line":44,"column":64}},"44":{"start":{"line":45,"column":0},"end":{"line":45,"column":38}},"45":{"start":{"line":46,"column":0},"end":{"line":46,"column":49}},"46":{"start":{"line":47,"column":0},"end":{"line":47,"column":59}},"47":{"start":{"line":48,"column":0},"end":{"line":48,"column":69}},"49":{"start":{"line":50,"column":0},"end":{"line":50,"column":19}},"50":{"start":{"line":51,"column":0},"end":{"line":51,"column":96}},"51":{"start":{"line":52,"column":0},"end":{"line":52,"column":25}},"52":{"start":{"line":53,"column":0},"end":{"line":53,"column":6}},"53":{"start":{"line":54,"column":0},"end":{"line":54,"column":59}},"54":{"start":{"line":55,"column":0},"end":{"line":55,"column":3}},"56":{"start":{"line":57,"column":0},"end":{"line":57,"column":85}},"57":{"start":{"line":58,"column":0},"end":{"line":58,"column":48}},"58":{"start":{"line":59,"column":0},"end":{"line":59,"column":25}},"59":{"start":{"line":60,"column":0},"end":{"line":60,"column":65}},"60":{"start":{"line":61,"column":0},"end":{"line":61,"column":5}},"62":{"start":{"line":63,"column":0},"end":{"line":63,"column":34}},"63":{"start":{"line":64,"column":0},"end":{"line":64,"column":38}},"64":{"start":{"line":65,"column":0},"end":{"line":65,"column":77}},"65":{"start":{"line":66,"column":0},"end":{"line":66,"column":69}},"67":{"start":{"line":68,"column":0},"end":{"line":68,"column":75}},"68":{"start":{"line":69,"column":0},"end":{"line":69,"column":63}},"69":{"start":{"line":70,"column":0},"end":{"line":70,"column":27}},"70":{"start":{"line":71,"column":0},"end":{"line":71,"column":29}},"71":{"start":{"line":72,"column":0},"end":{"line":72,"column":37}},"72":{"start":{"line":73,"column":0},"end":{"line":73,"column":33}},"73":{"start":{"line":74,"column":0},"end":{"line":74,"column":29}},"74":{"start":{"line":75,"column":0},"end":{"line":75,"column":9}},"75":{"start":{"line":76,"column":0},"end":{"line":76,"column":5}},"77":{"start":{"line":78,"column":0},"end":{"line":78,"column":9}},"78":{"start":{"line":79,"column":0},"end":{"line":79,"column":50}},"79":{"start":{"line":80,"column":0},"end":{"line":80,"column":20}},"80":{"start":{"line":81,"column":0},"end":{"line":81,"column":15}},"81":{"start":{"line":82,"column":0},"end":{"line":82,"column":44}},"82":{"start":{"line":83,"column":0},"end":{"line":83,"column":30}},"83":{"start":{"line":84,"column":0},"end":{"line":84,"column":9}},"84":{"start":{"line":85,"column":0},"end":{"line":85,"column":36}},"85":{"start":{"line":86,"column":0},"end":{"line":86,"column":28}},"86":{"start":{"line":87,"column":0},"end":{"line":87,"column":76}},"87":{"start":{"line":88,"column":0},"end":{"line":88,"column":86}},"88":{"start":{"line":89,"column":0},"end":{"line":89,"column":5}},"89":{"start":{"line":90,"column":0},"end":{"line":90,"column":3}},"91":{"start":{"line":92,"column":0},"end":{"line":92,"column":68}},"92":{"start":{"line":93,"column":0},"end":{"line":93,"column":45}},"93":{"start":{"line":94,"column":0},"end":{"line":94,"column":30}},"94":{"start":{"line":95,"column":0},"end":{"line":95,"column":38}},"95":{"start":{"line":96,"column":0},"end":{"line":96,"column":20}},"96":{"start":{"line":97,"column":0},"end":{"line":97,"column":21}},"97":{"start":{"line":98,"column":0},"end":{"line":98,"column":72}},"98":{"start":{"line":99,"column":0},"end":{"line":99,"column":23}},"99":{"start":{"line":100,"column":0},"end":{"line":100,"column":8}},"100":{"start":{"line":101,"column":0},"end":{"line":101,"column":5}},"101":{"start":{"line":102,"column":0},"end":{"line":102,"column":40}},"102":{"start":{"line":103,"column":0},"end":{"line":103,"column":3}},"104":{"start":{"line":105,"column":0},"end":{"line":105,"column":69}},"105":{"start":{"line":106,"column":0},"end":{"line":106,"column":47}},"106":{"start":{"line":107,"column":0},"end":{"line":107,"column":31}},"107":{"start":{"line":108,"column":0},"end":{"line":108,"column":61}},"108":{"start":{"line":109,"column":0},"end":{"line":109,"column":40}},"109":{"start":{"line":110,"column":0},"end":{"line":110,"column":3}},"111":{"start":{"line":112,"column":0},"end":{"line":112,"column":15}},"112":{"start":{"line":113,"column":0},"end":{"line":113,"column":1}}},"s":{"1":1,"2":1,"3":1,"4":1,"5":1,"7":8,"8":8,"9":8,"10":8,"11":8,"12":8,"13":0,"14":8,"15":8,"16":8,"17":8,"19":13,"20":13,"21":13,"22":13,"24":13,"25":13,"26":13,"28":13,"29":1,"30":1,"32":13,"33":2,"34":2,"36":1,"37":1,"38":1,"39":1,"40":1,"41":1,"43":13,"44":3,"45":3,"46":3,"47":3,"49":3,"50":3,"51":3,"52":3,"53":3,"54":3,"56":7,"57":13,"58":5,"59":1,"60":1,"62":4,"63":4,"64":5,"65":5,"67":5,"68":5,"69":5,"70":1,"71":1,"72":1,"73":1,"74":1,"75":1,"77":2,"78":2,"79":2,"80":2,"81":2,"82":2,"83":2,"84":1,"85":1,"86":1,"87":1,"88":1,"89":5,"91":2,"92":13,"93":1,"94":1,"95":1,"96":1,"97":1,"98":1,"99":1,"100":1,"101":1,"102":1,"104":1,"105":13,"106":1,"107":1,"108":1,"109":1,"111":0,"112":0},"branchMap":{"0":{"type":"branch","line":8,"loc":{"start":{"line":8,"column":0},"end":{"line":18,"column":1}},"locations":[{"start":{"line":8,"column":0},"end":{"line":18,"column":1}}]},"1":{"type":"branch","line":9,"loc":{"start":{"line":9,"column":21},"end":{"line":17,"column":3}},"locations":[{"start":{"line":9,"column":21},"end":{"line":17,"column":3}}]},"2":{"type":"branch","line":11,"loc":{"start":{"line":11,"column":19},"end":{"line":11,"column":51}},"locations":[{"start":{"line":11,"column":19},"end":{"line":11,"column":51}}]},"3":{"type":"branch","line":12,"loc":{"start":{"line":12,"column":18},"end":{"line":15,"column":5}},"locations":[{"start":{"line":12,"column":18},"end":{"line":15,"column":5}}]},"4":{"type":"branch","line":13,"loc":{"start":{"line":13,"column":31},"end":{"line":13,"column":43}},"locations":[{"start":{"line":13,"column":31},"end":{"line":13,"column":43}}]},"5":{"type":"branch","line":13,"loc":{"start":{"line":13,"column":47},"end":{"line":14,"column":28}},"locations":[{"start":{"line":13,"column":47},"end":{"line":14,"column":28}}]},"6":{"type":"branch","line":20,"loc":{"start":{"line":20,"column":0},"end":{"line":23,"column":1}},"locations":[{"start":{"line":20,"column":0},"end":{"line":23,"column":1}}]},"7":{"type":"branch","line":25,"loc":{"start":{"line":25,"column":0},"end":{"line":113,"column":1}},"locations":[{"start":{"line":25,"column":0},"end":{"line":113,"column":1}}]},"8":{"type":"branch","line":29,"loc":{"start":{"line":29,"column":11},"end":{"line":31,"column":3}},"locations":[{"start":{"line":29,"column":11},"end":{"line":31,"column":3}}]},"9":{"type":"branch","line":31,"loc":{"start":{"line":31,"column":2},"end":{"line":33,"column":30}},"locations":[{"start":{"line":31,"column":2},"end":{"line":33,"column":30}}]},"10":{"type":"branch","line":33,"loc":{"start":{"line":33,"column":21},"end":{"line":33,"column":62}},"locations":[{"start":{"line":33,"column":21},"end":{"line":33,"column":62}}]},"11":{"type":"branch","line":33,"loc":{"start":{"line":33,"column":62},"end":{"line":42,"column":3}},"locations":[{"start":{"line":33,"column":62},"end":{"line":42,"column":3}}]},"12":{"type":"branch","line":34,"loc":{"start":{"line":34,"column":49},"end":{"line":34,"column":61}},"locations":[{"start":{"line":34,"column":49},"end":{"line":34,"column":61}}]},"13":{"type":"branch","line":35,"loc":{"start":{"line":35,"column":18},"end":{"line":42,"column":3}},"locations":[{"start":{"line":35,"column":18},"end":{"line":42,"column":3}}]},"14":{"type":"branch","line":42,"loc":{"start":{"line":42,"column":2},"end":{"line":44,"column":31}},"locations":[{"start":{"line":42,"column":2},"end":{"line":44,"column":31}}]},"15":{"type":"branch","line":44,"loc":{"start":{"line":44,"column":21},"end":{"line":44,"column":63}},"locations":[{"start":{"line":44,"column":21},"end":{"line":44,"column":63}}]},"16":{"type":"branch","line":44,"loc":{"start":{"line":44,"column":63},"end":{"line":55,"column":3}},"locations":[{"start":{"line":44,"column":63},"end":{"line":55,"column":3}}]},"17":{"type":"branch","line":46,"loc":{"start":{"line":46,"column":21},"end":{"line":46,"column":49}},"locations":[{"start":{"line":46,"column":21},"end":{"line":46,"column":49}}]},"18":{"type":"branch","line":47,"loc":{"start":{"line":47,"column":23},"end":{"line":47,"column":59}},"locations":[{"start":{"line":47,"column":23},"end":{"line":47,"column":59}}]},"19":{"type":"branch","line":48,"loc":{"start":{"line":48,"column":20},"end":{"line":48,"column":57}},"locations":[{"start":{"line":48,"column":20},"end":{"line":48,"column":57}}]},"20":{"type":"branch","line":48,"loc":{"start":{"line":48,"column":36},"end":{"line":48,"column":69}},"locations":[{"start":{"line":48,"column":36},"end":{"line":48,"column":69}}]},"21":{"type":"branch","line":55,"loc":{"start":{"line":55,"column":2},"end":{"line":58,"column":31}},"locations":[{"start":{"line":55,"column":2},"end":{"line":58,"column":31}}]},"22":{"type":"branch","line":58,"loc":{"start":{"line":58,"column":21},"end":{"line":58,"column":47}},"locations":[{"start":{"line":58,"column":21},"end":{"line":58,"column":47}}]},"23":{"type":"branch","line":58,"loc":{"start":{"line":58,"column":47},"end":{"line":90,"column":3}},"locations":[{"start":{"line":58,"column":47},"end":{"line":90,"column":3}}]},"24":{"type":"branch","line":59,"loc":{"start":{"line":59,"column":24},"end":{"line":61,"column":5}},"locations":[{"start":{"line":59,"column":24},"end":{"line":61,"column":5}}]},"25":{"type":"branch","line":61,"loc":{"start":{"line":61,"column":4},"end":{"line":65,"column":53}},"locations":[{"start":{"line":61,"column":4},"end":{"line":65,"column":53}}]},"26":{"type":"branch","line":65,"loc":{"start":{"line":65,"column":42},"end":{"line":65,"column":74}},"locations":[{"start":{"line":65,"column":42},"end":{"line":65,"column":74}}]},"27":{"type":"branch","line":65,"loc":{"start":{"line":65,"column":70},"end":{"line":65,"column":77}},"locations":[{"start":{"line":65,"column":70},"end":{"line":65,"column":77}}]},"28":{"type":"branch","line":66,"loc":{"start":{"line":66,"column":17},"end":{"line":66,"column":69}},"locations":[{"start":{"line":66,"column":17},"end":{"line":66,"column":69}}]},"29":{"type":"branch","line":66,"loc":{"start":{"line":66,"column":67},"end":{"line":68,"column":37}},"locations":[{"start":{"line":66,"column":67},"end":{"line":68,"column":37}}]},"30":{"type":"branch","line":68,"loc":{"start":{"line":68,"column":26},"end":{"line":68,"column":63}},"locations":[{"start":{"line":68,"column":26},"end":{"line":68,"column":63}}]},"31":{"type":"branch","line":68,"loc":{"start":{"line":68,"column":42},"end":{"line":68,"column":75}},"locations":[{"start":{"line":68,"column":42},"end":{"line":68,"column":75}}]},"32":{"type":"branch","line":70,"loc":{"start":{"line":70,"column":26},"end":{"line":76,"column":5}},"locations":[{"start":{"line":70,"column":26},"end":{"line":76,"column":5}}]},"33":{"type":"branch","line":76,"loc":{"start":{"line":76,"column":4},"end":{"line":84,"column":9}},"locations":[{"start":{"line":76,"column":4},"end":{"line":84,"column":9}}]},"34":{"type":"branch","line":84,"loc":{"start":{"line":84,"column":7},"end":{"line":89,"column":5}},"locations":[{"start":{"line":84,"column":7},"end":{"line":89,"column":5}}]},"35":{"type":"branch","line":88,"loc":{"start":{"line":88,"column":52},"end":{"line":88,"column":83}},"locations":[{"start":{"line":88,"column":52},"end":{"line":88,"column":83}}]},"36":{"type":"branch","line":90,"loc":{"start":{"line":90,"column":2},"end":{"line":93,"column":32}},"locations":[{"start":{"line":90,"column":2},"end":{"line":93,"column":32}}]},"37":{"type":"branch","line":93,"loc":{"start":{"line":93,"column":21},"end":{"line":93,"column":44}},"locations":[{"start":{"line":93,"column":21},"end":{"line":93,"column":44}}]},"38":{"type":"branch","line":93,"loc":{"start":{"line":93,"column":44},"end":{"line":106,"column":46}},"locations":[{"start":{"line":93,"column":44},"end":{"line":106,"column":46}}]},"39":{"type":"branch","line":106,"loc":{"start":{"line":106,"column":46},"end":{"line":110,"column":3}},"locations":[{"start":{"line":106,"column":46},"end":{"line":110,"column":3}}]},"40":{"type":"branch","line":110,"loc":{"start":{"line":110,"column":2},"end":{"line":113,"column":1}},"locations":[{"start":{"line":110,"column":2},"end":{"line":113,"column":1}}]}},"b":{"0":[8],"1":[8],"2":[8],"3":[8],"4":[0],"5":[0],"6":[13],"7":[13],"8":[1],"9":[12],"10":[2],"11":[2],"12":[1],"13":[1],"14":[10],"15":[8],"16":[3],"17":[2],"18":[1],"19":[0],"20":[0],"21":[7],"22":[5],"23":[5],"24":[1],"25":[4],"26":[3],"27":[1],"28":[1],"29":[3],"30":[0],"31":[0],"32":[1],"33":[2],"34":[1],"35":[0],"36":[2],"37":[1],"38":[1],"39":[1],"40":[0]},"fnMap":{"0":{"name":"parseBody","decl":{"start":{"line":8,"column":0},"end":{"line":18,"column":1}},"loc":{"start":{"line":8,"column":0},"end":{"line":18,"column":1}},"line":8},"1":{"name":"json","decl":{"start":{"line":20,"column":0},"end":{"line":23,"column":1}},"loc":{"start":{"line":20,"column":0},"end":{"line":23,"column":1}},"line":20},"2":{"name":"handleBoardRoutes","decl":{"start":{"line":25,"column":0},"end":{"line":113,"column":1}},"loc":{"start":{"line":25,"column":0},"end":{"line":113,"column":1}},"line":25}},"f":{"0":8,"1":13,"2":13}}
}
